#
# There is insufficient memory for the Java Runtime Environment to continue.
# Native memory allocation (mmap) failed to map 75497472 bytes for G1 virtual space
# Possible reasons:
#   The system is out of physical RAM or swap space
#   The process is running with CompressedOops enabled, and the Java Heap may be blocking the growth of the native heap
# Possible solutions:
#   Reduce memory load on the system
#   Increase physical memory or swap space
#   Check if swap backing store is full
#   Decrease Java heap size (-Xmx/-Xms)
#   Decrease number of Java threads
#   Decrease Java thread stack sizes (-Xss)
#   Set larger code cache with -XX:ReservedCodeCacheSize=
#   JVM is running with Unscaled Compressed Oops mode in which the Java heap is
#     placed in the first 4GB address space. The Java Heap base address is the
#     maximum limit for the native heap growth. Please use -XX:HeapBaseMinAddress
#     to set the Java Heap base and to place the Java Heap above 4GB virtual address.
# This output file may be truncated or incomplete.
#
#  Out of Memory Error (os_windows.cpp:3548), pid=6364, tid=14476
#
# JRE version: Java(TM) SE Runtime Environment (17.0.11+7) (build 17.0.11+7-LTS-207)
# Java VM: Java HotSpot(TM) 64-Bit Server VM (17.0.11+7-LTS-207, mixed mode, sharing, tiered, compressed oops, compressed class ptrs, g1 gc, windows-amd64)
# No core dump will be written. Minidumps are not enabled by default on client versions of Windows
#

---------------  S U M M A R Y ------------

Command Line: --add-opens=java.base/java.util=ALL-UNNAMED --add-opens=java.base/java.lang=ALL-UNNAMED --add-opens=java.base/java.lang.invoke=ALL-UNNAMED --add-opens=java.prefs/java.util.prefs=ALL-UNNAMED --add-opens=java.base/java.nio.charset=ALL-UNNAMED --add-opens=java.base/java.net=ALL-UNNAMED --add-opens=java.base/java.util.concurrent.atomic=ALL-UNNAMED -XX:MaxMetaspaceSize=256m -XX:+HeapDumpOnOutOfMemoryError -Xms256m -Xmx512m -Dfile.encoding=UTF-8 -Duser.country=AU -Duser.language=en -Duser.variant org.gradle.launcher.daemon.bootstrap.GradleDaemon 7.6.4

Host: AMD 3020e with Radeon Graphics                 , 2 cores, 3G,  Windows 11 , 64 bit Build 22621 (10.0.22621.3958)
Time: Wed Sep 11 07:54:53 2024 Tasmania Standard Time elapsed time: 28005.884485 seconds (0d 7h 46m 45s)

---------------  T H R E A D  ---------------

Current thread (0x000002091e380c40):  VMThread "VM Thread" [stack: 0x0000006d71d00000,0x0000006d71e00000] [id=14476]

Stack: [0x0000006d71d00000,0x0000006d71e00000]
Native frames: (J=compiled Java code, j=interpreted, Vv=VM code, C=native code)
V  [jvm.dll+0x679cca]
V  [jvm.dll+0x7da13d]
V  [jvm.dll+0x7dba83]
V  [jvm.dll+0x7dc0f3]
V  [jvm.dll+0x2449af]
V  [jvm.dll+0x676ce9]
V  [jvm.dll+0x66b852]
V  [jvm.dll+0x3018d6]
V  [jvm.dll+0x308e76]
V  [jvm.dll+0x3596ee]
V  [jvm.dll+0x35991f]
V  [jvm.dll+0x2d89a8]
V  [jvm.dll+0x2d6ddd]
V  [jvm.dll+0x2d642c]
V  [jvm.dll+0x319f8b]
V  [jvm.dll+0x7e09eb]
V  [jvm.dll+0x7e1724]
V  [jvm.dll+0x7e1c3d]
V  [jvm.dll+0x7e2014]
V  [jvm.dll+0x7e20e0]
V  [jvm.dll+0x78a85a]
V  [jvm.dll+0x678bb5]
C  [ucrtbase.dll+0x29333]
C  [KERNEL32.DLL+0x1257d]
C  [ntdll.dll+0x5af28]

VM_Operation (0x0000006d72bfdbb0): G1CollectForAllocation, mode: safepoint, requested by thread 0x0000020931a58dc0


---------------  P R O C E S S  ---------------

Threads class SMR info:
_java_thread_list=0x0000020932f2d560, length=69, elements={
0x000002090473f800, 0x000002091e38c410, 0x000002091e38d290, 0x000002091e39d9a0,
0x000002091e39f570, 0x000002091e3a0130, 0x000002091e3a32a0, 0x000002091e3a4bf0,
0x000002091e3aa350, 0x000002091e5407e0, 0x000002091e6083d0, 0x000002091e60e8d0,
0x0000020931a58dc0, 0x00000209321675c0, 0x000002093183f4a0, 0x00000209317c7580,
0x00000209317c93e0, 0x00000209317c98f0, 0x00000209317c84b0, 0x00000209317c9e00,
0x0000020932d3e040, 0x0000020932d408c0, 0x0000020932d3e550, 0x0000020932d40dd0,
0x0000020934ed5750, 0x0000020932d3f990, 0x00000209317c89c0, 0x00000209317ca310,
0x00000209317ca820, 0x00000209317c7a90, 0x00000209317c7fa0, 0x00000209317c7070,
0x00000209317c8ed0, 0x0000020934ed7fd0, 0x0000020934ed75b0, 0x0000020934ed4310,
0x0000020934ed5240, 0x0000020934ed1fa0, 0x0000020934ed6680, 0x0000020934ed1a90,
0x0000020934ed1070, 0x0000020934ed70a0, 0x0000020934ed2ed0, 0x0000020934ed84e0,
0x0000020934ed89f0, 0x0000020934ed24b0, 0x0000020934ed1580, 0x0000020934ed38f0,
0x0000020934ed33e0, 0x0000020934ed3e00, 0x0000020934ed4820, 0x0000020934ed6170,
0x0000020934ed4d30, 0x0000020932d43b60, 0x0000020932d41d00, 0x0000020932d417f0,
0x0000020932d42210, 0x0000020932d43140, 0x0000020932d403b0, 0x0000020932d3d620,
0x0000020932d412e0, 0x0000020932d42720, 0x0000020932d44070, 0x0000020932d3ea60,
0x0000020932d3ef70, 0x0000020932d3cc00, 0x0000020932d44580, 0x0000020932d3d110,
0x0000020932d3db30
}

Java Threads: ( => current thread )
  0x000002090473f800 JavaThread "main" [_thread_blocked, id=15028, stack(0x0000006d71700000,0x0000006d71800000)]
  0x000002091e38c410 JavaThread "Reference Handler" daemon [_thread_blocked, id=13808, stack(0x0000006d71e00000,0x0000006d71f00000)]
  0x000002091e38d290 JavaThread "Finalizer" daemon [_thread_blocked, id=14572, stack(0x0000006d71f00000,0x0000006d72000000)]
  0x000002091e39d9a0 JavaThread "Signal Dispatcher" daemon [_thread_blocked, id=13484, stack(0x0000006d72000000,0x0000006d72100000)]
  0x000002091e39f570 JavaThread "Attach Listener" daemon [_thread_blocked, id=9256, stack(0x0000006d72100000,0x0000006d72200000)]
  0x000002091e3a0130 JavaThread "Service Thread" daemon [_thread_blocked, id=9624, stack(0x0000006d72200000,0x0000006d72300000)]
  0x000002091e3a32a0 JavaThread "Monitor Deflation Thread" daemon [_thread_blocked, id=13948, stack(0x0000006d72300000,0x0000006d72400000)]
  0x000002091e3a4bf0 JavaThread "C2 CompilerThread0" daemon [_thread_blocked, id=14756, stack(0x0000006d72400000,0x0000006d72500000)]
  0x000002091e3aa350 JavaThread "C1 CompilerThread0" daemon [_thread_blocked, id=10696, stack(0x0000006d72500000,0x0000006d72600000)]
  0x000002091e5407e0 JavaThread "Sweeper thread" daemon [_thread_blocked, id=5616, stack(0x0000006d72600000,0x0000006d72700000)]
  0x000002091e6083d0 JavaThread "Common-Cleaner" daemon [_thread_blocked, id=15132, stack(0x0000006d72700000,0x0000006d72800000)]
  0x000002091e60e8d0 JavaThread "Notification Thread" daemon [_thread_blocked, id=5704, stack(0x0000006d72800000,0x0000006d72900000)]
  0x0000020931a58dc0 JavaThread "Daemon health stats" [_thread_blocked, id=10856, stack(0x0000006d72b00000,0x0000006d72c00000)]
  0x00000209321675c0 JavaThread "Incoming local TCP Connector on port 58180" [_thread_in_native, id=11076, stack(0x0000006d72c00000,0x0000006d72d00000)]
  0x000002093183f4a0 JavaThread "Daemon periodic checks" [_thread_blocked, id=4276, stack(0x0000006d72d00000,0x0000006d72e00000)]
  0x00000209317c7580 JavaThread "Cache worker for journal cache (C:\Users\perez\.gradle\caches\journal-1)" [_thread_blocked, id=14440, stack(0x0000006d73500000,0x0000006d73600000)]
  0x00000209317c93e0 JavaThread "File lock request listener" [_thread_in_native, id=4436, stack(0x0000006d73600000,0x0000006d73700000)]
  0x00000209317c98f0 JavaThread "Cache worker for file hash cache (C:\Users\perez\.gradle\caches\7.6.4\fileHashes)" [_thread_blocked, id=9832, stack(0x0000006d73700000,0x0000006d73800000)]
  0x00000209317c84b0 JavaThread "File watcher server" daemon [_thread_blocked, id=2084, stack(0x0000006d73800000,0x0000006d73900000)]
  0x00000209317c9e00 JavaThread "File watcher consumer" daemon [_thread_blocked, id=10676, stack(0x0000006d73900000,0x0000006d73a00000)]
  0x0000020932d3e040 JavaThread "Cache worker for file content cache (C:\Users\perez\.gradle\caches\7.6.4\fileContent)" [_thread_blocked, id=4392, stack(0x0000006d73c00000,0x0000006d73d00000)]
  0x0000020932d408c0 JavaThread "Cache worker for execution history cache (C:\Users\perez\.gradle\caches\7.6.4\executionHistory)" [_thread_blocked, id=14976, stack(0x0000006d73f00000,0x0000006d74000000)]
  0x0000020932d3e550 JavaThread "jar transforms" [_thread_blocked, id=13060, stack(0x0000006d74000000,0x0000006d74100000)]
  0x0000020932d40dd0 JavaThread "jar transforms Thread 2" [_thread_blocked, id=9432, stack(0x0000006d74100000,0x0000006d74200000)]
  0x0000020934ed5750 JavaThread "Memory manager" [_thread_blocked, id=2036, stack(0x0000006d75800000,0x0000006d75900000)]
  0x0000020932d3f990 JavaThread "Cache worker for Java compile cache (C:\Users\perez\.gradle\caches\7.6.4\javaCompile)" [_thread_blocked, id=3172, stack(0x0000006d75a00000,0x0000006d75b00000)]
  0x00000209317c89c0 JavaThread "Daemon Thread 5" [_thread_blocked, id=5680, stack(0x0000006d71400000,0x0000006d71500000)]
  0x00000209317ca310 JavaThread "Handler for socket connection from /127.0.0.1:58180 to /127.0.0.1:58304" [_thread_in_native, id=7708, stack(0x0000006d71500000,0x0000006d71600000)]
  0x00000209317ca820 JavaThread "Cancel handler" [_thread_blocked, id=14900, stack(0x0000006d71600000,0x0000006d71700000)]
  0x00000209317c7a90 JavaThread "Daemon worker Thread 5" [_thread_blocked, id=5156, stack(0x0000006d72e00000,0x0000006d72f00000)]
  0x00000209317c7fa0 JavaThread "Asynchronous log dispatcher for DefaultDaemonConnection: socket connection from /127.0.0.1:58180 to /127.0.0.1:58304" [_thread_blocked, id=11000, stack(0x0000006d72f00000,0x0000006d73000000)]
  0x00000209317c7070 JavaThread "Stdin handler" [_thread_blocked, id=6220, stack(0x0000006d73000000,0x0000006d73100000)]
  0x00000209317c8ed0 JavaThread "Daemon client event forwarder" [_thread_blocked, id=15336, stack(0x0000006d73100000,0x0000006d73200000)]
  0x0000020934ed7fd0 JavaThread "Cache worker for checksums cache (C:\Users\perez\OneDrive\Desktop\Exam\edalex-developer-challenge-master\server\.gradle\7.6.4\checksums)" [_thread_blocked, id=9444, stack(0x0000006d73200000,0x0000006d73300000)]
  0x0000020934ed75b0 JavaThread "Cache worker for cache directory md-rule (C:\Users\perez\.gradle\caches\7.6.4\md-rule)" [_thread_blocked, id=6788, stack(0x0000006d73300000,0x0000006d73400000)]
  0x0000020934ed4310 JavaThread "Cache worker for file hash cache (C:\Users\perez\OneDrive\Desktop\Exam\edalex-developer-challenge-master\server\.gradle\7.6.4\fileHashes)" [_thread_blocked, id=7412, stack(0x0000006d73400000,0x0000006d73500000)]
  0x0000020934ed5240 JavaThread "Cache worker for cache directory md-supplier (C:\Users\perez\.gradle\caches\7.6.4\md-supplier)" [_thread_blocked, id=15212, stack(0x0000006d73a00000,0x0000006d73b00000)]
  0x0000020934ed1fa0 JavaThread "Cache worker for dependencies-accessors (C:\Users\perez\OneDrive\Desktop\Exam\edalex-developer-challenge-master\server\.gradle\7.6.4\dependencies-accessors)" [_thread_blocked, id=1980, stack(0x0000006d73b00000,0x0000006d73c00000)]
  0x0000020934ed6680 JavaThread "Cache worker for Build Output Cleanup Cache (C:\Users\perez\OneDrive\Desktop\Exam\edalex-developer-challenge-master\server\.gradle\buildOutputCleanup)" [_thread_blocked, id=8256, stack(0x0000006d73d00000,0x0000006d73e00000)]
  0x0000020934ed1a90 JavaThread "Unconstrained build operations" [_thread_blocked, id=7252, stack(0x0000006d73e00000,0x0000006d73f00000)]
  0x0000020934ed1070 JavaThread "Unconstrained build operations Thread 2" [_thread_blocked, id=13348, stack(0x0000006d74200000,0x0000006d74300000)]
  0x0000020934ed70a0 JavaThread "Unconstrained build operations Thread 3" [_thread_blocked, id=7856, stack(0x0000006d74400000,0x0000006d74500000)]
  0x0000020934ed2ed0 JavaThread "Unconstrained build operations Thread 4" [_thread_blocked, id=14532, stack(0x0000006d74500000,0x0000006d74600000)]
  0x0000020934ed84e0 JavaThread "Unconstrained build operations Thread 5" [_thread_blocked, id=12868, stack(0x0000006d74600000,0x0000006d74700000)]
  0x0000020934ed89f0 JavaThread "Unconstrained build operations Thread 6" [_thread_blocked, id=14420, stack(0x0000006d74700000,0x0000006d74800000)]
  0x0000020934ed24b0 JavaThread "Unconstrained build operations Thread 7" [_thread_blocked, id=14632, stack(0x0000006d74800000,0x0000006d74900000)]
  0x0000020934ed1580 JavaThread "Unconstrained build operations Thread 8" [_thread_blocked, id=13820, stack(0x0000006d74900000,0x0000006d74a00000)]
  0x0000020934ed38f0 JavaThread "Unconstrained build operations Thread 9" [_thread_blocked, id=14272, stack(0x0000006d74a00000,0x0000006d74b00000)]
  0x0000020934ed33e0 JavaThread "Unconstrained build operations Thread 10" [_thread_blocked, id=7492, stack(0x0000006d74b00000,0x0000006d74c00000)]
  0x0000020934ed3e00 JavaThread "Unconstrained build operations Thread 11" [_thread_blocked, id=5716, stack(0x0000006d74c00000,0x0000006d74d00000)]
  0x0000020934ed4820 JavaThread "Unconstrained build operations Thread 12" [_thread_blocked, id=10068, stack(0x0000006d74d00000,0x0000006d74e00000)]
  0x0000020934ed6170 JavaThread "Unconstrained build operations Thread 13" [_thread_blocked, id=15356, stack(0x0000006d74e00000,0x0000006d74f00000)]
  0x0000020934ed4d30 JavaThread "Unconstrained build operations Thread 14" [_thread_blocked, id=4628, stack(0x0000006d74f00000,0x0000006d75000000)]
  0x0000020932d43b60 JavaThread "Unconstrained build operations Thread 15" [_thread_blocked, id=4152, stack(0x0000006d75000000,0x0000006d75100000)]
  0x0000020932d41d00 JavaThread "Unconstrained build operations Thread 16" [_thread_blocked, id=11604, stack(0x0000006d75100000,0x0000006d75200000)]
  0x0000020932d417f0 JavaThread "Unconstrained build operations Thread 17" [_thread_blocked, id=1460, stack(0x0000006d75200000,0x0000006d75300000)]
  0x0000020932d42210 JavaThread "Unconstrained build operations Thread 18" [_thread_blocked, id=7040, stack(0x0000006d75300000,0x0000006d75400000)]
  0x0000020932d43140 JavaThread "Unconstrained build operations Thread 19" [_thread_blocked, id=4756, stack(0x0000006d75400000,0x0000006d75500000)]
  0x0000020932d403b0 JavaThread "included builds" [_thread_blocked, id=15260, stack(0x0000006d75500000,0x0000006d75600000)]
  0x0000020932d3d620 JavaThread "Execution worker" [_thread_blocked, id=3824, stack(0x0000006d75600000,0x0000006d75700000)]
  0x0000020932d412e0 JavaThread "Cache worker for execution history cache (C:\Users\perez\OneDrive\Desktop\Exam\edalex-developer-challenge-master\server\.gradle\7.6.4\executionHistory)" [_thread_blocked, id=4032, stack(0x0000006d75700000,0x0000006d75800000)]
  0x0000020932d42720 JavaThread "Unconstrained build operations Thread 20" [_thread_blocked, id=6884, stack(0x0000006d75900000,0x0000006d75a00000)]
  0x0000020932d44070 JavaThread "Build operations" [_thread_blocked, id=13688, stack(0x0000006d75b00000,0x0000006d75c00000)]
  0x0000020932d3ea60 JavaThread "Build operations Thread 2" [_thread_blocked, id=5380, stack(0x0000006d75c00000,0x0000006d75d00000)]
  0x0000020932d3ef70 JavaThread "Exec process Thread 13" [_thread_in_native, id=8940, stack(0x0000006d75d00000,0x0000006d75e00000)]
  0x0000020932d3cc00 JavaThread "DisconnectableInputStream source reader" daemon [_thread_blocked, id=7828, stack(0x0000006d75e00000,0x0000006d75f00000)]
  0x0000020932d44580 JavaThread "Exec process Thread 14" [_thread_blocked, id=14688, stack(0x0000006d75f00000,0x0000006d76000000)]
  0x0000020932d3d110 JavaThread "Exec process Thread 15" [_thread_in_native, id=15008, stack(0x0000006d76000000,0x0000006d76100000)]
  0x0000020932d3db30 JavaThread "Exec process Thread 16" [_thread_in_native, id=1884, stack(0x0000006d76100000,0x0000006d76200000)]

Other Threads:
=>0x000002091e380c40 VMThread "VM Thread" [stack: 0x0000006d71d00000,0x0000006d71e00000] [id=14476]
  0x000002091e60edb0 WatcherThread [stack: 0x0000006d72900000,0x0000006d72a00000] [id=13756]
  0x000002090476eda0 GCTaskThread "GC Thread#0" [stack: 0x0000006d71800000,0x0000006d71900000] [id=10864]
  0x00000209310afeb0 GCTaskThread "GC Thread#1" [stack: 0x0000006d72a00000,0x0000006d72b00000] [id=12476]
  0x0000020904774d00 ConcurrentGCThread "G1 Main Marker" [stack: 0x0000006d71900000,0x0000006d71a00000] [id=9308]
  0x0000020904775710 ConcurrentGCThread "G1 Conc#0" [stack: 0x0000006d71a00000,0x0000006d71b00000] [id=3900]
  0x000002090480e2e0 ConcurrentGCThread "G1 Refine#0" [stack: 0x0000006d71b00000,0x0000006d71c00000] [id=14824]
  0x000002091e8dd270 ConcurrentGCThread "G1 Refine#1" [stack: 0x0000006d74300000,0x0000006d74400000] [id=2336]
  0x000002091e24a0e0 ConcurrentGCThread "G1 Service" [stack: 0x0000006d71c00000,0x0000006d71d00000] [id=5000]

Threads with active compile tasks:

VM state: at safepoint (normal execution)

VM Mutex/Monitor currently owned by a thread:  ([mutex/lock_event])
[0x000002090473bf10] Threads_lock - owner thread: 0x000002091e380c40
[0x000002090473c6f0] Heap_lock - owner thread: 0x0000020931a58dc0

Heap address: 0x00000000e0000000, size: 512 MB, Compressed Oops mode: 32-bit

CDS archive(s) mapped at: [0x000002091f000000-0x000002091fbd0000-0x000002091fbd0000), size 12386304, SharedBaseAddress: 0x000002091f000000, ArchiveRelocationMode: 1.
Compressed class space mapped at: 0x0000020920000000-0x000002092d000000, reserved size: 218103808
Narrow klass base: 0x000002091f000000, Narrow klass shift: 0, Narrow klass range: 0x100000000

GC Precious Log:
 CPUs: 2 total, 2 available
 Memory: 3463M
 Large Page Support: Disabled
 NUMA Support: Disabled
 Compressed Oops: Enabled (32-bit)
 Heap Region Size: 1M
 Heap Min Capacity: 256M
 Heap Initial Capacity: 256M
 Heap Max Capacity: 512M
 Pre-touch: Disabled
 Parallel Workers: 2
 Concurrent Workers: 1
 Concurrent Refinement Workers: 2
 Periodic GC: Disabled

Heap:
 garbage-first heap   total 262144K, used 79356K [0x00000000e0000000, 0x0000000100000000)
  region size 1024K, 1 young (1024K), 1 survivors (1024K)
 Metaspace       used 75347K, committed 77376K, reserved 344064K
  class space    used 9795K, committed 10496K, reserved 212992K

Heap Regions: E=young(eden), S=young(survivor), O=old, HS=humongous(starts), HC=humongous(continues), CS=collection set, F=free, OA=open archive, CA=closed archive, TAMS=top-at-mark-start (previous, next)
|   0|0x00000000e0000000, 0x00000000e0100000, 0x00000000e0100000|100%| O|  |TAMS 0x00000000e0100000, 0x00000000e0000000| Untracked 
|   1|0x00000000e0100000, 0x00000000e0200000, 0x00000000e0200000|100%| O|  |TAMS 0x00000000e0200000, 0x00000000e0100000| Untracked 
|   2|0x00000000e0200000, 0x00000000e0300000, 0x00000000e0300000|100%|HS|  |TAMS 0x00000000e0300000, 0x00000000e0200000| Complete 
|   3|0x00000000e0300000, 0x00000000e0400000, 0x00000000e0400000|100%|HC|  |TAMS 0x00000000e0400000, 0x00000000e0300000| Complete 
|   4|0x00000000e0400000, 0x00000000e0500000, 0x00000000e0500000|100%|HC|  |TAMS 0x00000000e0500000, 0x00000000e0400000| Complete 
|   5|0x00000000e0500000, 0x00000000e0600000, 0x00000000e0600000|100%| O|  |TAMS 0x00000000e0600000, 0x00000000e0500000| Untracked 
|   6|0x00000000e0600000, 0x00000000e0700000, 0x00000000e0700000|100%| O|  |TAMS 0x00000000e0700000, 0x00000000e0600000| Untracked 
|   7|0x00000000e0700000, 0x00000000e0800000, 0x00000000e0800000|100%| O|  |TAMS 0x00000000e0800000, 0x00000000e0700000| Untracked 
|   8|0x00000000e0800000, 0x00000000e0900000, 0x00000000e0900000|100%| O|  |TAMS 0x00000000e0900000, 0x00000000e0800000| Untracked 
|   9|0x00000000e0900000, 0x00000000e0a00000, 0x00000000e0a00000|100%| O|  |TAMS 0x00000000e0a00000, 0x00000000e0900000| Untracked 
|  10|0x00000000e0a00000, 0x00000000e0b00000, 0x00000000e0b00000|100%| O|  |TAMS 0x00000000e0b00000, 0x00000000e0a00000| Untracked 
|  11|0x00000000e0b00000, 0x00000000e0c00000, 0x00000000e0c00000|100%| O|  |TAMS 0x00000000e0c00000, 0x00000000e0b00000| Untracked 
|  12|0x00000000e0c00000, 0x00000000e0d00000, 0x00000000e0d00000|100%| O|  |TAMS 0x00000000e0d00000, 0x00000000e0c00000| Untracked 
|  13|0x00000000e0d00000, 0x00000000e0e00000, 0x00000000e0e00000|100%| O|  |TAMS 0x00000000e0e00000, 0x00000000e0d00000| Untracked 
|  14|0x00000000e0e00000, 0x00000000e0f00000, 0x00000000e0f00000|100%| O|  |TAMS 0x00000000e0f00000, 0x00000000e0e00000| Untracked 
|  15|0x00000000e0f00000, 0x00000000e1000000, 0x00000000e1000000|100%| O|  |TAMS 0x00000000e1000000, 0x00000000e0f00000| Untracked 
|  16|0x00000000e1000000, 0x00000000e1100000, 0x00000000e1100000|100%| O|  |TAMS 0x00000000e1100000, 0x00000000e1000000| Untracked 
|  17|0x00000000e1100000, 0x00000000e1200000, 0x00000000e1200000|100%| O|  |TAMS 0x00000000e1200000, 0x00000000e1100000| Untracked 
|  18|0x00000000e1200000, 0x00000000e1300000, 0x00000000e1300000|100%| O|  |TAMS 0x00000000e1300000, 0x00000000e1200000| Untracked 
|  19|0x00000000e1300000, 0x00000000e1400000, 0x00000000e1400000|100%| O|  |TAMS 0x00000000e1400000, 0x00000000e1300000| Untracked 
|  20|0x00000000e1400000, 0x00000000e1500000, 0x00000000e1500000|100%| O|  |TAMS 0x00000000e1500000, 0x00000000e1400000| Untracked 
|  21|0x00000000e1500000, 0x00000000e1600000, 0x00000000e1600000|100%| O|  |TAMS 0x00000000e1600000, 0x00000000e1500000| Untracked 
|  22|0x00000000e1600000, 0x00000000e1700000, 0x00000000e1700000|100%| O|  |TAMS 0x00000000e1700000, 0x00000000e1600000| Untracked 
|  23|0x00000000e1700000, 0x00000000e1800000, 0x00000000e1800000|100%| O|  |TAMS 0x00000000e1800000, 0x00000000e1700000| Untracked 
|  24|0x00000000e1800000, 0x00000000e1900000, 0x00000000e1900000|100%| O|  |TAMS 0x00000000e1900000, 0x00000000e1800000| Untracked 
|  25|0x00000000e1900000, 0x00000000e1a00000, 0x00000000e1a00000|100%| O|  |TAMS 0x00000000e1a00000, 0x00000000e1900000| Untracked 
|  26|0x00000000e1a00000, 0x00000000e1b00000, 0x00000000e1b00000|100%| O|  |TAMS 0x00000000e1b00000, 0x00000000e1a00000| Untracked 
|  27|0x00000000e1b00000, 0x00000000e1c00000, 0x00000000e1c00000|100%| O|  |TAMS 0x00000000e1c00000, 0x00000000e1b00000| Untracked 
|  28|0x00000000e1c00000, 0x00000000e1d00000, 0x00000000e1d00000|100%| O|  |TAMS 0x00000000e1d00000, 0x00000000e1c00000| Untracked 
|  29|0x00000000e1d00000, 0x00000000e1e00000, 0x00000000e1e00000|100%| O|  |TAMS 0x00000000e1e00000, 0x00000000e1d00000| Untracked 
|  30|0x00000000e1e00000, 0x00000000e1f00000, 0x00000000e1f00000|100%| O|  |TAMS 0x00000000e1f00000, 0x00000000e1e00000| Untracked 
|  31|0x00000000e1f00000, 0x00000000e2000000, 0x00000000e2000000|100%| O|  |TAMS 0x00000000e2000000, 0x00000000e1f00000| Untracked 
|  32|0x00000000e2000000, 0x00000000e2000000, 0x00000000e2100000|  0%| F|  |TAMS 0x00000000e2000000, 0x00000000e2000000| Untracked 
|  33|0x00000000e2100000, 0x00000000e2200000, 0x00000000e2200000|100%| O|  |TAMS 0x00000000e2200000, 0x00000000e2100000| Untracked 
|  34|0x00000000e2200000, 0x00000000e2300000, 0x00000000e2300000|100%| O|  |TAMS 0x00000000e2300000, 0x00000000e2200000| Untracked 
|  35|0x00000000e2300000, 0x00000000e2400000, 0x00000000e2400000|100%| O|  |TAMS 0x00000000e2400000, 0x00000000e2300000| Untracked 
|  36|0x00000000e2400000, 0x00000000e2500000, 0x00000000e2500000|100%| O|  |TAMS 0x00000000e2500000, 0x00000000e2400000| Untracked 
|  37|0x00000000e2500000, 0x00000000e2600000, 0x00000000e2600000|100%| O|  |TAMS 0x00000000e2600000, 0x00000000e2500000| Complete 
|  38|0x00000000e2600000, 0x00000000e2700000, 0x00000000e2700000|100%| O|  |TAMS 0x00000000e2700000, 0x00000000e2600000| Untracked 
|  39|0x00000000e2700000, 0x00000000e2800000, 0x00000000e2800000|100%| O|  |TAMS 0x00000000e2800000, 0x00000000e2700000| Untracked 
|  40|0x00000000e2800000, 0x00000000e2900000, 0x00000000e2900000|100%| O|  |TAMS 0x00000000e2900000, 0x00000000e2800000| Untracked 
|  41|0x00000000e2900000, 0x00000000e2a00000, 0x00000000e2a00000|100%| O|  |TAMS 0x00000000e2a00000, 0x00000000e2900000| Untracked 
|  42|0x00000000e2a00000, 0x00000000e2b00000, 0x00000000e2b00000|100%| O|  |TAMS 0x00000000e2b00000, 0x00000000e2a00000| Untracked 
|  43|0x00000000e2b00000, 0x00000000e2c00000, 0x00000000e2c00000|100%| O|  |TAMS 0x00000000e2c00000, 0x00000000e2b00000| Untracked 
|  44|0x00000000e2c00000, 0x00000000e2d00000, 0x00000000e2d00000|100%| O|  |TAMS 0x00000000e2d00000, 0x00000000e2c00000| Untracked 
|  45|0x00000000e2d00000, 0x00000000e2e00000, 0x00000000e2e00000|100%| O|  |TAMS 0x00000000e2e00000, 0x00000000e2d00000| Untracked 
|  46|0x00000000e2e00000, 0x00000000e2f00000, 0x00000000e2f00000|100%| O|  |TAMS 0x00000000e2f00000, 0x00000000e2e00000| Untracked 
|  47|0x00000000e2f00000, 0x00000000e3000000, 0x00000000e3000000|100%| O|  |TAMS 0x00000000e3000000, 0x00000000e2f00000| Untracked 
|  48|0x00000000e3000000, 0x00000000e3100000, 0x00000000e3100000|100%| O|  |TAMS 0x00000000e3000000, 0x00000000e3000000| Untracked 
|  49|0x00000000e3100000, 0x00000000e3200000, 0x00000000e3200000|100%| O|  |TAMS 0x00000000e3200000, 0x00000000e3100000| Untracked 
|  50|0x00000000e3200000, 0x00000000e3300000, 0x00000000e3300000|100%| O|  |TAMS 0x00000000e3300000, 0x00000000e3200000| Untracked 
|  51|0x00000000e3300000, 0x00000000e3400000, 0x00000000e3400000|100%| O|  |TAMS 0x00000000e3300000, 0x00000000e3300000| Untracked 
|  52|0x00000000e3400000, 0x00000000e3500000, 0x00000000e3500000|100%| O|  |TAMS 0x00000000e3400000, 0x00000000e3400000| Untracked 
|  53|0x00000000e3500000, 0x00000000e3600000, 0x00000000e3600000|100%| O|  |TAMS 0x00000000e3500000, 0x00000000e3500000| Untracked 
|  54|0x00000000e3600000, 0x00000000e3679000, 0x00000000e3700000| 47%| O|  |TAMS 0x00000000e3600000, 0x00000000e3600000| Untracked 
|  55|0x00000000e3700000, 0x00000000e3700000, 0x00000000e3800000|  0%| F|  |TAMS 0x00000000e3700000, 0x00000000e3700000| Untracked 
|  56|0x00000000e3800000, 0x00000000e3900000, 0x00000000e3900000|100%| O|  |TAMS 0x00000000e3900000, 0x00000000e3800000| Untracked 
|  57|0x00000000e3900000, 0x00000000e3a00000, 0x00000000e3a00000|100%| O|  |TAMS 0x00000000e3a00000, 0x00000000e3900000| Untracked 
|  58|0x00000000e3a00000, 0x00000000e3b00000, 0x00000000e3b00000|100%| O|  |TAMS 0x00000000e3b00000, 0x00000000e3a00000| Untracked 
|  59|0x00000000e3b00000, 0x00000000e3c00000, 0x00000000e3c00000|100%| O|  |TAMS 0x00000000e3c00000, 0x00000000e3b00000| Untracked 
|  60|0x00000000e3c00000, 0x00000000e3d00000, 0x00000000e3d00000|100%| O|  |TAMS 0x00000000e3d00000, 0x00000000e3c00000| Untracked 
|  61|0x00000000e3d00000, 0x00000000e3e00000, 0x00000000e3e00000|100%| O|  |TAMS 0x00000000e3e00000, 0x00000000e3d00000| Untracked 
|  62|0x00000000e3e00000, 0x00000000e3e00000, 0x00000000e3f00000|  0%| F|  |TAMS 0x00000000e3e00000, 0x00000000e3e00000| Untracked 
|  63|0x00000000e3f00000, 0x00000000e4000000, 0x00000000e4000000|100%| O|  |TAMS 0x00000000e4000000, 0x00000000e3f00000| Untracked 
|  64|0x00000000e4000000, 0x00000000e4100000, 0x00000000e4100000|100%| O|  |TAMS 0x00000000e4100000, 0x00000000e4000000| Untracked 
|  65|0x00000000e4100000, 0x00000000e4200000, 0x00000000e4200000|100%| O|  |TAMS 0x00000000e4200000, 0x00000000e4100000| Untracked 
|  66|0x00000000e4200000, 0x00000000e4200000, 0x00000000e4300000|  0%| F|  |TAMS 0x00000000e4200000, 0x00000000e4200000| Untracked 
|  67|0x00000000e4300000, 0x00000000e4400000, 0x00000000e4400000|100%| O|  |TAMS 0x00000000e4400000, 0x00000000e4300000| Untracked 
|  68|0x00000000e4400000, 0x00000000e4400000, 0x00000000e4500000|  0%| F|  |TAMS 0x00000000e4400000, 0x00000000e4400000| Untracked 
|  69|0x00000000e4500000, 0x00000000e4500000, 0x00000000e4600000|  0%| F|  |TAMS 0x00000000e4500000, 0x00000000e4500000| Untracked 
|  70|0x00000000e4600000, 0x00000000e4700000, 0x00000000e4700000|100%| O|  |TAMS 0x00000000e4700000, 0x00000000e4600000| Untracked 
|  71|0x00000000e4700000, 0x00000000e4800000, 0x00000000e4800000|100%| O|  |TAMS 0x00000000e4800000, 0x00000000e4700000| Untracked 
|  72|0x00000000e4800000, 0x00000000e4900000, 0x00000000e4900000|100%| O|  |TAMS 0x00000000e4900000, 0x00000000e4800000| Untracked 
|  73|0x00000000e4900000, 0x00000000e4a00000, 0x00000000e4a00000|100%| O|  |TAMS 0x00000000e4a00000, 0x00000000e4900000| Untracked 
|  74|0x00000000e4a00000, 0x00000000e4b00000, 0x00000000e4b00000|100%| O|  |TAMS 0x00000000e4b00000, 0x00000000e4a00000| Untracked 
|  75|0x00000000e4b00000, 0x00000000e4c00000, 0x00000000e4c00000|100%| O|  |TAMS 0x00000000e4c00000, 0x00000000e4b00000| Untracked 
|  76|0x00000000e4c00000, 0x00000000e4d00000, 0x00000000e4d00000|100%| O|  |TAMS 0x00000000e4d00000, 0x00000000e4c00000| Untracked 
|  77|0x00000000e4d00000, 0x00000000e4e00000, 0x00000000e4e00000|100%| O|  |TAMS 0x00000000e4e00000, 0x00000000e4d00000| Untracked 
|  78|0x00000000e4e00000, 0x00000000e4e00000, 0x00000000e4f00000|  0%| F|  |TAMS 0x00000000e4e00000, 0x00000000e4e00000| Untracked 
|  79|0x00000000e4f00000, 0x00000000e4f00000, 0x00000000e5000000|  0%| F|  |TAMS 0x00000000e4f00000, 0x00000000e4f00000| Untracked 
|  80|0x00000000e5000000, 0x00000000e5000000, 0x00000000e5100000|  0%| F|  |TAMS 0x00000000e5000000, 0x00000000e5000000| Untracked 
|  81|0x00000000e5100000, 0x00000000e5200000, 0x00000000e5200000|100%| O|  |TAMS 0x00000000e5200000, 0x00000000e5100000| Untracked 
|  82|0x00000000e5200000, 0x00000000e5200000, 0x00000000e5300000|  0%| F|  |TAMS 0x00000000e5200000, 0x00000000e5200000| Untracked 
|  83|0x00000000e5300000, 0x00000000e5400000, 0x00000000e5400000|100%| O|  |TAMS 0x00000000e5400000, 0x00000000e5300000| Untracked 
|  84|0x00000000e5400000, 0x00000000e5400000, 0x00000000e5500000|  0%| F|  |TAMS 0x00000000e5400000, 0x00000000e5400000| Untracked 
|  85|0x00000000e5500000, 0x00000000e5500000, 0x00000000e5600000|  0%| F|  |TAMS 0x00000000e5500000, 0x00000000e5500000| Untracked 
|  86|0x00000000e5600000, 0x00000000e5600000, 0x00000000e5700000|  0%| F|  |TAMS 0x00000000e5600000, 0x00000000e5600000| Untracked 
|  87|0x00000000e5700000, 0x00000000e5700000, 0x00000000e5800000|  0%| F|  |TAMS 0x00000000e5700000, 0x00000000e5700000| Untracked 
|  88|0x00000000e5800000, 0x00000000e5800000, 0x00000000e5900000|  0%| F|  |TAMS 0x00000000e5800000, 0x00000000e5800000| Untracked 
|  89|0x00000000e5900000, 0x00000000e5900000, 0x00000000e5a00000|  0%| F|  |TAMS 0x00000000e5900000, 0x00000000e5900000| Untracked 
|  90|0x00000000e5a00000, 0x00000000e5b00000, 0x00000000e5b00000|100%| O|  |TAMS 0x00000000e5b00000, 0x00000000e5a00000| Untracked 
|  91|0x00000000e5b00000, 0x00000000e5b00000, 0x00000000e5c00000|  0%| F|  |TAMS 0x00000000e5b00000, 0x00000000e5b00000| Untracked 
|  92|0x00000000e5c00000, 0x00000000e5c00000, 0x00000000e5d00000|  0%| F|  |TAMS 0x00000000e5c00000, 0x00000000e5c00000| Untracked 
|  93|0x00000000e5d00000, 0x00000000e5d00000, 0x00000000e5e00000|  0%| F|  |TAMS 0x00000000e5d00000, 0x00000000e5d00000| Untracked 
|  94|0x00000000e5e00000, 0x00000000e5e00000, 0x00000000e5f00000|  0%| F|  |TAMS 0x00000000e5e00000, 0x00000000e5e00000| Untracked 
|  95|0x00000000e5f00000, 0x00000000e5f00000, 0x00000000e6000000|  0%| F|  |TAMS 0x00000000e5f00000, 0x00000000e5f00000| Untracked 
|  96|0x00000000e6000000, 0x00000000e6000000, 0x00000000e6100000|  0%| F|  |TAMS 0x00000000e6000000, 0x00000000e6000000| Untracked 
|  97|0x00000000e6100000, 0x00000000e6200000, 0x00000000e6200000|100%| O|  |TAMS 0x00000000e6200000, 0x00000000e6100000| Untracked 
|  98|0x00000000e6200000, 0x00000000e6200000, 0x00000000e6300000|  0%| F|  |TAMS 0x00000000e6200000, 0x00000000e6200000| Untracked 
|  99|0x00000000e6300000, 0x00000000e6300000, 0x00000000e6400000|  0%| F|  |TAMS 0x00000000e6300000, 0x00000000e6300000| Untracked 
| 100|0x00000000e6400000, 0x00000000e6400000, 0x00000000e6500000|  0%| F|  |TAMS 0x00000000e6400000, 0x00000000e6400000| Untracked 
| 101|0x00000000e6500000, 0x00000000e6500000, 0x00000000e6600000|  0%| F|  |TAMS 0x00000000e6500000, 0x00000000e6500000| Untracked 
| 102|0x00000000e6600000, 0x00000000e6600000, 0x00000000e6700000|  0%| F|  |TAMS 0x00000000e6600000, 0x00000000e6600000| Untracked 
| 103|0x00000000e6700000, 0x00000000e6700000, 0x00000000e6800000|  0%| F|  |TAMS 0x00000000e6700000, 0x00000000e6700000| Untracked 
| 104|0x00000000e6800000, 0x00000000e6800000, 0x00000000e6900000|  0%| F|  |TAMS 0x00000000e6800000, 0x00000000e6800000| Untracked 
| 105|0x00000000e6900000, 0x00000000e6900000, 0x00000000e6a00000|  0%| F|  |TAMS 0x00000000e6900000, 0x00000000e6900000| Untracked 
| 106|0x00000000e6a00000, 0x00000000e6a00000, 0x00000000e6b00000|  0%| F|  |TAMS 0x00000000e6a00000, 0x00000000e6a00000| Untracked 
| 107|0x00000000e6b00000, 0x00000000e6b00000, 0x00000000e6c00000|  0%| F|  |TAMS 0x00000000e6b00000, 0x00000000e6b00000| Untracked 
| 108|0x00000000e6c00000, 0x00000000e6c00000, 0x00000000e6d00000|  0%| F|  |TAMS 0x00000000e6c00000, 0x00000000e6c00000| Untracked 
| 109|0x00000000e6d00000, 0x00000000e6d00000, 0x00000000e6e00000|  0%| F|  |TAMS 0x00000000e6d00000, 0x00000000e6d00000| Untracked 
| 110|0x00000000e6e00000, 0x00000000e6e00000, 0x00000000e6f00000|  0%| F|  |TAMS 0x00000000e6e00000, 0x00000000e6e00000| Untracked 
| 111|0x00000000e6f00000, 0x00000000e7000000, 0x00000000e7000000|100%| O|  |TAMS 0x00000000e7000000, 0x00000000e6f00000| Untracked 
| 112|0x00000000e7000000, 0x00000000e7000000, 0x00000000e7100000|  0%| F|  |TAMS 0x00000000e7000000, 0x00000000e7000000| Untracked 
| 113|0x00000000e7100000, 0x00000000e7100000, 0x00000000e7200000|  0%| F|  |TAMS 0x00000000e7100000, 0x00000000e7100000| Untracked 
| 114|0x00000000e7200000, 0x00000000e7200000, 0x00000000e7300000|  0%| F|  |TAMS 0x00000000e7200000, 0x00000000e7200000| Untracked 
| 115|0x00000000e7300000, 0x00000000e7400000, 0x00000000e7400000|100%| O|  |TAMS 0x00000000e7400000, 0x00000000e7300000| Untracked 
| 116|0x00000000e7400000, 0x00000000e7400000, 0x00000000e7500000|  0%| F|  |TAMS 0x00000000e7400000, 0x00000000e7400000| Untracked 
| 117|0x00000000e7500000, 0x00000000e7500000, 0x00000000e7600000|  0%| F|  |TAMS 0x00000000e7500000, 0x00000000e7500000| Untracked 
| 118|0x00000000e7600000, 0x00000000e7600000, 0x00000000e7700000|  0%| F|  |TAMS 0x00000000e7600000, 0x00000000e7600000| Untracked 
| 119|0x00000000e7700000, 0x00000000e7700000, 0x00000000e7800000|  0%| F|  |TAMS 0x00000000e7700000, 0x00000000e7700000| Untracked 
| 120|0x00000000e7800000, 0x00000000e7800000, 0x00000000e7900000|  0%| F|  |TAMS 0x00000000e7800000, 0x00000000e7800000| Untracked 
| 121|0x00000000e7900000, 0x00000000e7900000, 0x00000000e7a00000|  0%| F|  |TAMS 0x00000000e7900000, 0x00000000e7900000| Untracked 
| 122|0x00000000e7a00000, 0x00000000e7a00000, 0x00000000e7b00000|  0%| F|  |TAMS 0x00000000e7a00000, 0x00000000e7a00000| Untracked 
| 123|0x00000000e7b00000, 0x00000000e7b00000, 0x00000000e7c00000|  0%| F|  |TAMS 0x00000000e7b00000, 0x00000000e7b00000| Untracked 
| 124|0x00000000e7c00000, 0x00000000e7c00000, 0x00000000e7d00000|  0%| F|  |TAMS 0x00000000e7c00000, 0x00000000e7c00000| Untracked 
| 125|0x00000000e7d00000, 0x00000000e7d00000, 0x00000000e7e00000|  0%| F|  |TAMS 0x00000000e7d00000, 0x00000000e7d00000| Untracked 
| 126|0x00000000e7e00000, 0x00000000e7e00000, 0x00000000e7f00000|  0%| F|  |TAMS 0x00000000e7e00000, 0x00000000e7e00000| Untracked 
| 127|0x00000000e7f00000, 0x00000000e7f00000, 0x00000000e8000000|  0%| F|  |TAMS 0x00000000e7f00000, 0x00000000e7f00000| Untracked 
| 128|0x00000000e8000000, 0x00000000e8000000, 0x00000000e8100000|  0%| F|  |TAMS 0x00000000e8000000, 0x00000000e8000000| Untracked 
| 129|0x00000000e8100000, 0x00000000e8100000, 0x00000000e8200000|  0%| F|  |TAMS 0x00000000e8100000, 0x00000000e8100000| Untracked 
| 130|0x00000000e8200000, 0x00000000e8200000, 0x00000000e8300000|  0%| F|  |TAMS 0x00000000e8200000, 0x00000000e8200000| Untracked 
| 131|0x00000000e8300000, 0x00000000e8300000, 0x00000000e8400000|  0%| F|  |TAMS 0x00000000e8300000, 0x00000000e8300000| Untracked 
| 132|0x00000000e8400000, 0x00000000e8400000, 0x00000000e8500000|  0%| F|  |TAMS 0x00000000e8400000, 0x00000000e8400000| Untracked 
| 133|0x00000000e8500000, 0x00000000e8500000, 0x00000000e8600000|  0%| F|  |TAMS 0x00000000e8500000, 0x00000000e8500000| Untracked 
| 134|0x00000000e8600000, 0x00000000e8600000, 0x00000000e8700000|  0%| F|  |TAMS 0x00000000e8600000, 0x00000000e8600000| Untracked 
| 135|0x00000000e8700000, 0x00000000e8700000, 0x00000000e8800000|  0%| F|  |TAMS 0x00000000e8700000, 0x00000000e8700000| Untracked 
| 136|0x00000000e8800000, 0x00000000e8800000, 0x00000000e8900000|  0%| F|  |TAMS 0x00000000e8800000, 0x00000000e8800000| Untracked 
| 137|0x00000000e8900000, 0x00000000e8900000, 0x00000000e8a00000|  0%| F|  |TAMS 0x00000000e8900000, 0x00000000e8900000| Untracked 
| 138|0x00000000e8a00000, 0x00000000e8a00000, 0x00000000e8b00000|  0%| F|  |TAMS 0x00000000e8a00000, 0x00000000e8a00000| Untracked 
| 139|0x00000000e8b00000, 0x00000000e8b00000, 0x00000000e8c00000|  0%| F|  |TAMS 0x00000000e8b00000, 0x00000000e8b00000| Untracked 
| 140|0x00000000e8c00000, 0x00000000e8c00000, 0x00000000e8d00000|  0%| F|  |TAMS 0x00000000e8c00000, 0x00000000e8c00000| Untracked 
| 141|0x00000000e8d00000, 0x00000000e8d00000, 0x00000000e8e00000|  0%| F|  |TAMS 0x00000000e8d00000, 0x00000000e8d00000| Untracked 
| 142|0x00000000e8e00000, 0x00000000e8e00000, 0x00000000e8f00000|  0%| F|  |TAMS 0x00000000e8e00000, 0x00000000e8e00000| Untracked 
| 143|0x00000000e8f00000, 0x00000000e8f00000, 0x00000000e9000000|  0%| F|  |TAMS 0x00000000e8f00000, 0x00000000e8f00000| Untracked 
| 144|0x00000000e9000000, 0x00000000e9000000, 0x00000000e9100000|  0%| F|  |TAMS 0x00000000e9000000, 0x00000000e9000000| Untracked 
| 145|0x00000000e9100000, 0x00000000e9100000, 0x00000000e9200000|  0%| F|  |TAMS 0x00000000e9100000, 0x00000000e9100000| Untracked 
| 146|0x00000000e9200000, 0x00000000e9200000, 0x00000000e9300000|  0%| F|  |TAMS 0x00000000e9200000, 0x00000000e9200000| Untracked 
| 147|0x00000000e9300000, 0x00000000e9300000, 0x00000000e9400000|  0%| F|  |TAMS 0x00000000e9300000, 0x00000000e9300000| Untracked 
| 148|0x00000000e9400000, 0x00000000e9400000, 0x00000000e9500000|  0%| F|  |TAMS 0x00000000e9400000, 0x00000000e9400000| Untracked 
| 149|0x00000000e9500000, 0x00000000e9500000, 0x00000000e9600000|  0%| F|  |TAMS 0x00000000e9500000, 0x00000000e9500000| Untracked 
| 150|0x00000000e9600000, 0x00000000e9600000, 0x00000000e9700000|  0%| F|  |TAMS 0x00000000e9600000, 0x00000000e9600000| Untracked 
| 151|0x00000000e9700000, 0x00000000e9700000, 0x00000000e9800000|  0%| F|  |TAMS 0x00000000e9700000, 0x00000000e9700000| Untracked 
| 152|0x00000000e9800000, 0x00000000e9800000, 0x00000000e9900000|  0%| F|  |TAMS 0x00000000e9800000, 0x00000000e9800000| Untracked 
| 153|0x00000000e9900000, 0x00000000e9900000, 0x00000000e9a00000|  0%| F|  |TAMS 0x00000000e9900000, 0x00000000e9900000| Untracked 
| 154|0x00000000e9a00000, 0x00000000e9a00000, 0x00000000e9b00000|  0%| F|  |TAMS 0x00000000e9a00000, 0x00000000e9a00000| Untracked 
| 155|0x00000000e9b00000, 0x00000000e9b00000, 0x00000000e9c00000|  0%| F|  |TAMS 0x00000000e9b00000, 0x00000000e9b00000| Untracked 
| 156|0x00000000e9c00000, 0x00000000e9c00000, 0x00000000e9d00000|  0%| F|  |TAMS 0x00000000e9c00000, 0x00000000e9c00000| Untracked 
| 157|0x00000000e9d00000, 0x00000000e9d00000, 0x00000000e9e00000|  0%| F|  |TAMS 0x00000000e9d00000, 0x00000000e9d00000| Untracked 
| 158|0x00000000e9e00000, 0x00000000e9e00000, 0x00000000e9f00000|  0%| F|  |TAMS 0x00000000e9e00000, 0x00000000e9e00000| Untracked 
| 159|0x00000000e9f00000, 0x00000000e9f00000, 0x00000000ea000000|  0%| F|  |TAMS 0x00000000e9f00000, 0x00000000e9f00000| Untracked 
| 160|0x00000000ea000000, 0x00000000ea000000, 0x00000000ea100000|  0%| F|  |TAMS 0x00000000ea000000, 0x00000000ea000000| Untracked 
| 161|0x00000000ea100000, 0x00000000ea100000, 0x00000000ea200000|  0%| F|  |TAMS 0x00000000ea100000, 0x00000000ea100000| Untracked 
| 162|0x00000000ea200000, 0x00000000ea200000, 0x00000000ea300000|  0%| F|  |TAMS 0x00000000ea200000, 0x00000000ea200000| Untracked 
| 163|0x00000000ea300000, 0x00000000ea300000, 0x00000000ea400000|  0%| F|  |TAMS 0x00000000ea300000, 0x00000000ea300000| Untracked 
| 164|0x00000000ea400000, 0x00000000ea400000, 0x00000000ea500000|  0%| F|  |TAMS 0x00000000ea400000, 0x00000000ea400000| Untracked 
| 165|0x00000000ea500000, 0x00000000ea500000, 0x00000000ea600000|  0%| F|  |TAMS 0x00000000ea500000, 0x00000000ea500000| Untracked 
| 166|0x00000000ea600000, 0x00000000ea600000, 0x00000000ea700000|  0%| F|  |TAMS 0x00000000ea600000, 0x00000000ea600000| Untracked 
| 167|0x00000000ea700000, 0x00000000ea700000, 0x00000000ea800000|  0%| F|  |TAMS 0x00000000ea700000, 0x00000000ea700000| Untracked 
| 168|0x00000000ea800000, 0x00000000ea800000, 0x00000000ea900000|  0%| F|  |TAMS 0x00000000ea800000, 0x00000000ea800000| Untracked 
| 169|0x00000000ea900000, 0x00000000ea900000, 0x00000000eaa00000|  0%| F|  |TAMS 0x00000000ea900000, 0x00000000ea900000| Untracked 
| 170|0x00000000eaa00000, 0x00000000eaa00000, 0x00000000eab00000|  0%| F|  |TAMS 0x00000000eaa00000, 0x00000000eaa00000| Untracked 
| 171|0x00000000eab00000, 0x00000000eab00000, 0x00000000eac00000|  0%| F|  |TAMS 0x00000000eab00000, 0x00000000eab00000| Untracked 
| 172|0x00000000eac00000, 0x00000000eac00000, 0x00000000ead00000|  0%| F|  |TAMS 0x00000000eac00000, 0x00000000eac00000| Untracked 
| 173|0x00000000ead00000, 0x00000000ead00000, 0x00000000eae00000|  0%| F|  |TAMS 0x00000000ead00000, 0x00000000ead00000| Untracked 
| 174|0x00000000eae00000, 0x00000000eae00000, 0x00000000eaf00000|  0%| F|  |TAMS 0x00000000eae00000, 0x00000000eae00000| Untracked 
| 175|0x00000000eaf00000, 0x00000000eaf00000, 0x00000000eb000000|  0%| F|  |TAMS 0x00000000eaf00000, 0x00000000eaf00000| Untracked 
| 176|0x00000000eb000000, 0x00000000eb000000, 0x00000000eb100000|  0%| F|  |TAMS 0x00000000eb000000, 0x00000000eb000000| Untracked 
| 177|0x00000000eb100000, 0x00000000eb100000, 0x00000000eb200000|  0%| F|  |TAMS 0x00000000eb100000, 0x00000000eb100000| Untracked 
| 178|0x00000000eb200000, 0x00000000eb200000, 0x00000000eb300000|  0%| F|  |TAMS 0x00000000eb200000, 0x00000000eb200000| Untracked 
| 179|0x00000000eb300000, 0x00000000eb300000, 0x00000000eb400000|  0%| F|  |TAMS 0x00000000eb300000, 0x00000000eb300000| Untracked 
| 180|0x00000000eb400000, 0x00000000eb400000, 0x00000000eb500000|  0%| F|  |TAMS 0x00000000eb400000, 0x00000000eb400000| Untracked 
| 181|0x00000000eb500000, 0x00000000eb500000, 0x00000000eb600000|  0%| F|  |TAMS 0x00000000eb500000, 0x00000000eb500000| Untracked 
| 182|0x00000000eb600000, 0x00000000eb600000, 0x00000000eb700000|  0%| F|  |TAMS 0x00000000eb600000, 0x00000000eb600000| Untracked 
| 183|0x00000000eb700000, 0x00000000eb700000, 0x00000000eb800000|  0%| F|  |TAMS 0x00000000eb700000, 0x00000000eb700000| Untracked 
| 184|0x00000000eb800000, 0x00000000eb800000, 0x00000000eb900000|  0%| F|  |TAMS 0x00000000eb800000, 0x00000000eb800000| Untracked 
| 185|0x00000000eb900000, 0x00000000eb900000, 0x00000000eba00000|  0%| F|  |TAMS 0x00000000eb900000, 0x00000000eb900000| Untracked 
| 186|0x00000000eba00000, 0x00000000eba00000, 0x00000000ebb00000|  0%| F|  |TAMS 0x00000000eba00000, 0x00000000eba00000| Untracked 
| 187|0x00000000ebb00000, 0x00000000ebb00000, 0x00000000ebc00000|  0%| F|  |TAMS 0x00000000ebb00000, 0x00000000ebb00000| Untracked 
| 188|0x00000000ebc00000, 0x00000000ebc00000, 0x00000000ebd00000|  0%| F|  |TAMS 0x00000000ebc00000, 0x00000000ebc00000| Untracked 
| 189|0x00000000ebd00000, 0x00000000ebd00000, 0x00000000ebe00000|  0%| F|  |TAMS 0x00000000ebd00000, 0x00000000ebd00000| Untracked 
| 190|0x00000000ebe00000, 0x00000000ebe00000, 0x00000000ebf00000|  0%| F|  |TAMS 0x00000000ebe00000, 0x00000000ebe00000| Untracked 
| 191|0x00000000ebf00000, 0x00000000ebf00000, 0x00000000ec000000|  0%| F|  |TAMS 0x00000000ebf00000, 0x00000000ebf00000| Untracked 
| 192|0x00000000ec000000, 0x00000000ec000000, 0x00000000ec100000|  0%| F|  |TAMS 0x00000000ec000000, 0x00000000ec000000| Untracked 
| 193|0x00000000ec100000, 0x00000000ec100000, 0x00000000ec200000|  0%| F|  |TAMS 0x00000000ec100000, 0x00000000ec100000| Untracked 
| 194|0x00000000ec200000, 0x00000000ec200000, 0x00000000ec300000|  0%| F|  |TAMS 0x00000000ec200000, 0x00000000ec200000| Untracked 
| 195|0x00000000ec300000, 0x00000000ec300000, 0x00000000ec400000|  0%| F|  |TAMS 0x00000000ec300000, 0x00000000ec300000| Untracked 
| 196|0x00000000ec400000, 0x00000000ec400000, 0x00000000ec500000|  0%| F|  |TAMS 0x00000000ec400000, 0x00000000ec400000| Untracked 
| 197|0x00000000ec500000, 0x00000000ec500000, 0x00000000ec600000|  0%| F|  |TAMS 0x00000000ec500000, 0x00000000ec500000| Untracked 
| 198|0x00000000ec600000, 0x00000000ec600000, 0x00000000ec700000|  0%| F|  |TAMS 0x00000000ec600000, 0x00000000ec600000| Untracked 
| 199|0x00000000ec700000, 0x00000000ec700000, 0x00000000ec800000|  0%| F|  |TAMS 0x00000000ec700000, 0x00000000ec700000| Untracked 
| 200|0x00000000ec800000, 0x00000000ec800000, 0x00000000ec900000|  0%| F|  |TAMS 0x00000000ec800000, 0x00000000ec800000| Untracked 
| 201|0x00000000ec900000, 0x00000000ec900000, 0x00000000eca00000|  0%| F|  |TAMS 0x00000000ec900000, 0x00000000ec900000| Untracked 
| 202|0x00000000eca00000, 0x00000000eca00000, 0x00000000ecb00000|  0%| F|  |TAMS 0x00000000eca00000, 0x00000000eca00000| Untracked 
| 203|0x00000000ecb00000, 0x00000000ecb00000, 0x00000000ecc00000|  0%| F|  |TAMS 0x00000000ecb00000, 0x00000000ecb00000| Untracked 
| 204|0x00000000ecc00000, 0x00000000ecc00000, 0x00000000ecd00000|  0%| F|  |TAMS 0x00000000ecc00000, 0x00000000ecc00000| Untracked 
| 205|0x00000000ecd00000, 0x00000000ecd00000, 0x00000000ece00000|  0%| F|  |TAMS 0x00000000ecd00000, 0x00000000ecd00000| Untracked 
| 206|0x00000000ece00000, 0x00000000ece00000, 0x00000000ecf00000|  0%| F|  |TAMS 0x00000000ece00000, 0x00000000ece00000| Untracked 
| 207|0x00000000ecf00000, 0x00000000ecf00000, 0x00000000ed000000|  0%| F|  |TAMS 0x00000000ecf00000, 0x00000000ecf00000| Untracked 
| 208|0x00000000ed000000, 0x00000000ed000000, 0x00000000ed100000|  0%| F|  |TAMS 0x00000000ed000000, 0x00000000ed000000| Untracked 
| 209|0x00000000ed100000, 0x00000000ed100000, 0x00000000ed200000|  0%| F|  |TAMS 0x00000000ed100000, 0x00000000ed100000| Untracked 
| 210|0x00000000ed200000, 0x00000000ed200000, 0x00000000ed300000|  0%| F|  |TAMS 0x00000000ed200000, 0x00000000ed200000| Untracked 
| 211|0x00000000ed300000, 0x00000000ed300000, 0x00000000ed400000|  0%| F|  |TAMS 0x00000000ed300000, 0x00000000ed300000| Untracked 
| 212|0x00000000ed400000, 0x00000000ed400000, 0x00000000ed500000|  0%| F|  |TAMS 0x00000000ed400000, 0x00000000ed400000| Untracked 
| 213|0x00000000ed500000, 0x00000000ed500000, 0x00000000ed600000|  0%| F|  |TAMS 0x00000000ed500000, 0x00000000ed500000| Untracked 
| 214|0x00000000ed600000, 0x00000000ed600000, 0x00000000ed700000|  0%| F|  |TAMS 0x00000000ed600000, 0x00000000ed600000| Untracked 
| 215|0x00000000ed700000, 0x00000000ed700000, 0x00000000ed800000|  0%| F|  |TAMS 0x00000000ed700000, 0x00000000ed700000| Untracked 
| 216|0x00000000ed800000, 0x00000000ed800000, 0x00000000ed900000|  0%| F|  |TAMS 0x00000000ed800000, 0x00000000ed800000| Untracked 
| 217|0x00000000ed900000, 0x00000000ed900000, 0x00000000eda00000|  0%| F|  |TAMS 0x00000000ed900000, 0x00000000ed900000| Untracked 
| 218|0x00000000eda00000, 0x00000000eda00000, 0x00000000edb00000|  0%| F|  |TAMS 0x00000000eda00000, 0x00000000eda00000| Untracked 
| 219|0x00000000edb00000, 0x00000000edb00000, 0x00000000edc00000|  0%| F|  |TAMS 0x00000000edb00000, 0x00000000edb00000| Untracked 
| 220|0x00000000edc00000, 0x00000000edc00000, 0x00000000edd00000|  0%| F|  |TAMS 0x00000000edc00000, 0x00000000edc00000| Untracked 
| 221|0x00000000edd00000, 0x00000000edd00000, 0x00000000ede00000|  0%| F|  |TAMS 0x00000000edd00000, 0x00000000edd00000| Untracked 
| 222|0x00000000ede00000, 0x00000000ede00000, 0x00000000edf00000|  0%| F|  |TAMS 0x00000000ede00000, 0x00000000ede00000| Untracked 
| 223|0x00000000edf00000, 0x00000000edf00000, 0x00000000ee000000|  0%| F|  |TAMS 0x00000000edf00000, 0x00000000edf00000| Untracked 
| 224|0x00000000ee000000, 0x00000000ee000000, 0x00000000ee100000|  0%| F|  |TAMS 0x00000000ee000000, 0x00000000ee000000| Untracked 
| 225|0x00000000ee100000, 0x00000000ee100000, 0x00000000ee200000|  0%| F|  |TAMS 0x00000000ee100000, 0x00000000ee100000| Untracked 
| 226|0x00000000ee200000, 0x00000000ee200000, 0x00000000ee300000|  0%| F|  |TAMS 0x00000000ee200000, 0x00000000ee200000| Untracked 
| 227|0x00000000ee300000, 0x00000000ee300000, 0x00000000ee400000|  0%| F|  |TAMS 0x00000000ee300000, 0x00000000ee300000| Untracked 
| 228|0x00000000ee400000, 0x00000000ee400000, 0x00000000ee500000|  0%| F|  |TAMS 0x00000000ee400000, 0x00000000ee400000| Untracked 
| 229|0x00000000ee500000, 0x00000000ee500000, 0x00000000ee600000|  0%| F|  |TAMS 0x00000000ee500000, 0x00000000ee500000| Untracked 
| 230|0x00000000ee600000, 0x00000000ee600000, 0x00000000ee700000|  0%| F|  |TAMS 0x00000000ee600000, 0x00000000ee600000| Untracked 
| 231|0x00000000ee700000, 0x00000000ee700000, 0x00000000ee800000|  0%| F|  |TAMS 0x00000000ee700000, 0x00000000ee700000| Untracked 
| 232|0x00000000ee800000, 0x00000000ee800000, 0x00000000ee900000|  0%| F|  |TAMS 0x00000000ee800000, 0x00000000ee800000| Untracked 
| 233|0x00000000ee900000, 0x00000000ee900000, 0x00000000eea00000|  0%| F|  |TAMS 0x00000000ee900000, 0x00000000ee900000| Untracked 
| 234|0x00000000eea00000, 0x00000000eea00000, 0x00000000eeb00000|  0%| F|  |TAMS 0x00000000eea00000, 0x00000000eea00000| Untracked 
| 235|0x00000000eeb00000, 0x00000000eeb00000, 0x00000000eec00000|  0%| F|  |TAMS 0x00000000eeb00000, 0x00000000eeb00000| Untracked 
| 236|0x00000000eec00000, 0x00000000eec00000, 0x00000000eed00000|  0%| F|  |TAMS 0x00000000eec00000, 0x00000000eec00000| Untracked 
| 237|0x00000000eed00000, 0x00000000eed00000, 0x00000000eee00000|  0%| F|  |TAMS 0x00000000eed00000, 0x00000000eed00000| Untracked 
| 238|0x00000000eee00000, 0x00000000eee00000, 0x00000000eef00000|  0%| F|  |TAMS 0x00000000eee00000, 0x00000000eee00000| Untracked 
| 239|0x00000000eef00000, 0x00000000eef00000, 0x00000000ef000000|  0%| F|  |TAMS 0x00000000eef00000, 0x00000000eef00000| Untracked 
| 240|0x00000000ef000000, 0x00000000ef000000, 0x00000000ef100000|  0%| F|  |TAMS 0x00000000ef000000, 0x00000000ef000000| Untracked 
| 241|0x00000000ef100000, 0x00000000ef100000, 0x00000000ef200000|  0%| F|  |TAMS 0x00000000ef100000, 0x00000000ef100000| Untracked 
| 242|0x00000000ef200000, 0x00000000ef200000, 0x00000000ef300000|  0%| F|  |TAMS 0x00000000ef200000, 0x00000000ef200000| Untracked 
| 243|0x00000000ef300000, 0x00000000ef300000, 0x00000000ef400000|  0%| F|  |TAMS 0x00000000ef300000, 0x00000000ef300000| Untracked 
| 244|0x00000000ef400000, 0x00000000ef406120, 0x00000000ef500000|  2%| S|CS|TAMS 0x00000000ef400000, 0x00000000ef400000| Complete 
| 245|0x00000000ef500000, 0x00000000ef500000, 0x00000000ef600000|  0%| F|  |TAMS 0x00000000ef500000, 0x00000000ef500000| Untracked 
| 246|0x00000000ef600000, 0x00000000ef600000, 0x00000000ef700000|  0%| F|  |TAMS 0x00000000ef600000, 0x00000000ef600000| Untracked 
| 247|0x00000000ef700000, 0x00000000ef700000, 0x00000000ef800000|  0%| F|  |TAMS 0x00000000ef700000, 0x00000000ef700000| Untracked 
| 248|0x00000000ef800000, 0x00000000ef800000, 0x00000000ef900000|  0%| F|  |TAMS 0x00000000ef800000, 0x00000000ef800000| Untracked 
| 249|0x00000000ef900000, 0x00000000ef900000, 0x00000000efa00000|  0%| F|  |TAMS 0x00000000ef900000, 0x00000000ef900000| Untracked 
| 250|0x00000000efa00000, 0x00000000efa00000, 0x00000000efb00000|  0%| F|  |TAMS 0x00000000efa00000, 0x00000000efa00000| Untracked 
| 251|0x00000000efb00000, 0x00000000efb00000, 0x00000000efc00000|  0%| F|  |TAMS 0x00000000efb00000, 0x00000000efb00000| Untracked 
| 252|0x00000000efc00000, 0x00000000efc00000, 0x00000000efd00000|  0%| F|  |TAMS 0x00000000efc00000, 0x00000000efc00000| Untracked 
| 253|0x00000000efd00000, 0x00000000efd00000, 0x00000000efe00000|  0%| F|  |TAMS 0x00000000efd00000, 0x00000000efd00000| Untracked 
| 254|0x00000000efe00000, 0x00000000efe00000, 0x00000000eff00000|  0%| F|  |TAMS 0x00000000efe00000, 0x00000000efe00000| Untracked 
| 255|0x00000000eff00000, 0x00000000eff00000, 0x00000000f0000000|  0%| F|  |TAMS 0x00000000eff00000, 0x00000000eff00000| Untracked 

Card table byte_map: [0x0000020904430000,0x0000020904530000] _byte_map_base: 0x0000020903d30000

Marking Bits (Prev, Next): (CMBitMap*) 0x0000020904770410, (CMBitMap*) 0x00000209047703d0
 Prev Bits: [0x000002091b800000, 0x000002091c000000)
 Next Bits: [0x000002091b000000, 0x000002091b800000)

Polling page: 0x0000020902660000

Metaspace:

Usage:
  Non-class:     64.02 MB used.
      Class:      9.57 MB used.
       Both:     73.58 MB used.

Virtual space:
  Non-class space:      128.00 MB reserved,      65.31 MB ( 51%) committed,  2 nodes.
      Class space:      208.00 MB reserved,      10.25 MB (  5%) committed,  1 nodes.
             Both:      336.00 MB reserved,      75.56 MB ( 22%) committed. 

Chunk freelists:
   Non-Class:  15.10 MB
       Class:  6.08 MB
        Both:  21.17 MB

MaxMetaspaceSize: 256.00 MB
CompressedClassSpaceSize: 208.00 MB
Initial GC threshold: 21.00 MB
Current GC threshold: 125.94 MB
CDS: on
MetaspaceReclaimPolicy: balanced
 - commit_granule_bytes: 65536.
 - commit_granule_words: 8192.
 - virtual_space_node_default_size: 8388608.
 - enlarge_chunks_in_place: 1.
 - new_chunks_are_fully_committed: 0.
 - uncommit_free_chunks: 1.
 - use_allocation_guard: 0.
 - handle_deallocations: 1.


Internal statistics:

num_allocs_failed_limit: 9.
num_arena_births: 1134.
num_arena_deaths: 474.
num_vsnodes_births: 3.
num_vsnodes_deaths: 0.
num_space_committed: 1210.
num_space_uncommitted: 1.
num_chunks_returned_to_freelist: 712.
num_chunks_taken_from_freelist: 4471.
num_chunk_merges: 210.
num_chunk_splits: 2783.
num_chunks_enlarged: 1700.
num_inconsistent_stats: 0.

CodeHeap 'non-profiled nmethods': size=120064Kb used=12182Kb max_used=12182Kb free=107881Kb
 bounds [0x0000020913ac0000, 0x00000209146b0000, 0x000002091b000000]
CodeHeap 'profiled nmethods': size=120000Kb used=32050Kb max_used=32050Kb free=87950Kb
 bounds [0x000002090c000000, 0x000002090df50000, 0x0000020913530000]
CodeHeap 'non-nmethods': size=5696Kb used=2381Kb max_used=2448Kb free=3314Kb
 bounds [0x0000020913530000, 0x00000209137b0000, 0x0000020913ac0000]
 total_blobs=15970 nmethods=15063 adapters=818
 compilation: enabled
              stopped_count=0, restarted_count=0
 full_count=0

Compilation events (20 events):
Event: 27989.322 Thread 0x000002091e3a4bf0 18315       4       com.sun.jmx.mbeanserver.JmxMBeanServer::getAttribute (16 bytes)
Event: 27990.012 Thread 0x000002091e3a4bf0 nmethod 18315 0x0000020914693890 code [0x0000020914693de0, 0x0000020914698ea8]
Event: 27990.013 Thread 0x000002091e3a4bf0 18316       4       javax.management.ObjectName::getCanonicalKeyPropertyListString (45 bytes)
Event: 27990.022 Thread 0x000002091e3a4bf0 nmethod 18316 0x000002091469c490 code [0x000002091469c640, 0x000002091469cb88]
Event: 27990.022 Thread 0x000002091e3a4bf0 18317   !   4       org.gradle.process.internal.health.memory.MBeanAttributeProvider::getMbeanAttribute (105 bytes)
Event: 27990.044 Thread 0x000002091e3a4bf0 nmethod 18317 0x000002091469ce90 code [0x000002091469d080, 0x000002091469d4d8]
Event: 27990.343 Thread 0x000002091e3a4bf0 18318       4       org.gradle.internal.jvm.Jvm::current (37 bytes)
Event: 27990.357 Thread 0x000002091e3a4bf0 nmethod 18318 0x000002091469d790 code [0x000002091469d900, 0x000002091469d998]
Event: 27990.358 Thread 0x000002091e3a4bf0 18319   !   4       jdk.internal.reflect.GeneratedMethodAccessor21::invoke (65 bytes)
Event: 27990.391 Thread 0x000002091e3a4bf0 nmethod 18319 0x000002091469da90 code [0x000002091469dce0, 0x000002091469e8e0]
Event: 27990.391 Thread 0x000002091e3a4bf0 18320       4       sun.reflect.misc.Trampoline::ensureInvocableMethod (53 bytes)
Event: 27990.398 Thread 0x000002091e3a4bf0 nmethod 18320 0x000002091469f190 code [0x000002091469f340, 0x000002091469f568]
Event: 27990.398 Thread 0x000002091e3a4bf0 18321   !   4       jdk.internal.reflect.GeneratedMethodAccessor22::invoke (68 bytes)
Event: 27990.669 Thread 0x000002091e3a4bf0 nmethod 18321 0x000002091469f810 code [0x000002091469fb60, 0x00000209146a2a30]
Event: 27997.513 Thread 0x000002091e3aa350 18322       1       org.gradle.cache.internal.filelock.LockInfoSerializer::getVersion (2 bytes)
Event: 27997.580 Thread 0x000002091e3aa350 nmethod 18322 0x00000209146a5690 code [0x00000209146a5820, 0x00000209146a58f8]
Event: 28005.225 Thread 0x000002091e3aa350 18323   !   3       sun.nio.ch.FileLockTable::remove (162 bytes)
Event: 28005.233 Thread 0x000002091e3aa350 nmethod 18323 0x000002090df4d210 code [0x000002090df4d460, 0x000002090df4e038]
Event: 28005.233 Thread 0x000002091e3aa350 18324       3       sun.nio.ch.FileLockTable::checkList (89 bytes)
Event: 28005.235 Thread 0x000002091e3aa350 nmethod 18324 0x000002090df4e410 code [0x000002090df4e620, 0x000002090df4ef58]

GC Heap History (20 events):
Event: 5236.286 GC heap after
{Heap after GC invocations=42 (full 0):
 garbage-first heap   total 262144K, used 93447K [0x00000000e0000000, 0x0000000100000000)
  region size 1024K, 1 young (1024K), 1 survivors (1024K)
 Metaspace       used 75996K, committed 77440K, reserved 344064K
  class space    used 9934K, committed 10496K, reserved 212992K
}
Event: 5901.284 GC heap before
{Heap before GC invocations=42 (full 0):
 garbage-first heap   total 262144K, used 104711K [0x00000000e0000000, 0x0000000100000000)
  region size 1024K, 12 young (12288K), 1 survivors (1024K)
 Metaspace       used 75998K, committed 77440K, reserved 344064K
  class space    used 9934K, committed 10496K, reserved 212992K
}
Event: 5902.036 GC heap after
{Heap after GC invocations=43 (full 0):
 garbage-first heap   total 262144K, used 89218K [0x00000000e0000000, 0x0000000100000000)
  region size 1024K, 1 young (1024K), 1 survivors (1024K)
 Metaspace       used 75998K, committed 77440K, reserved 344064K
  class space    used 9934K, committed 10496K, reserved 212992K
}
Event: 6561.781 GC heap before
{Heap before GC invocations=43 (full 0):
 garbage-first heap   total 262144K, used 100482K [0x00000000e0000000, 0x0000000100000000)
  region size 1024K, 12 young (12288K), 1 survivors (1024K)
 Metaspace       used 75999K, committed 77440K, reserved 344064K
  class space    used 9934K, committed 10496K, reserved 212992K
}
Event: 6562.189 GC heap after
{Heap after GC invocations=44 (full 0):
 garbage-first heap   total 262144K, used 86014K [0x00000000e0000000, 0x0000000100000000)
  region size 1024K, 1 young (1024K), 1 survivors (1024K)
 Metaspace       used 75999K, committed 77440K, reserved 344064K
  class space    used 9934K, committed 10496K, reserved 212992K
}
Event: 27981.425 GC heap before
{Heap before GC invocations=44 (full 0):
 garbage-first heap   total 262144K, used 97278K [0x00000000e0000000, 0x0000000100000000)
  region size 1024K, 12 young (12288K), 1 survivors (1024K)
 Metaspace       used 76004K, committed 77440K, reserved 344064K
  class space    used 9934K, committed 10496K, reserved 212992K
}
Event: 27981.832 GC heap after
{Heap after GC invocations=45 (full 0):
 garbage-first heap   total 262144K, used 85014K [0x00000000e0000000, 0x0000000100000000)
  region size 1024K, 1 young (1024K), 1 survivors (1024K)
 Metaspace       used 76004K, committed 77440K, reserved 344064K
  class space    used 9934K, committed 10496K, reserved 212992K
}
Event: 27988.734 GC heap before
{Heap before GC invocations=45 (full 0):
 garbage-first heap   total 262144K, used 103446K [0x00000000e0000000, 0x0000000100000000)
  region size 1024K, 19 young (19456K), 1 survivors (1024K)
 Metaspace       used 76004K, committed 77440K, reserved 344064K
  class space    used 9934K, committed 10496K, reserved 212992K
}
Event: 27989.242 GC heap after
{Heap after GC invocations=46 (full 0):
 garbage-first heap   total 262144K, used 85014K [0x00000000e0000000, 0x0000000100000000)
  region size 1024K, 1 young (1024K), 1 survivors (1024K)
 Metaspace       used 76004K, committed 77440K, reserved 344064K
  class space    used 9934K, committed 10496K, reserved 212992K
}
Event: 28005.206 GC heap before
{Heap before GC invocations=47 (full 0):
 garbage-first heap   total 262144K, used 109590K [0x00000000e0000000, 0x0000000100000000)
  region size 1024K, 25 young (25600K), 1 survivors (1024K)
 Metaspace       used 75346K, committed 77376K, reserved 344064K
  class space    used 9795K, committed 10496K, reserved 212992K
}
Event: 28005.223 GC heap after
{Heap after GC invocations=48 (full 0):
 garbage-first heap   total 262144K, used 85016K [0x00000000e0000000, 0x0000000100000000)
  region size 1024K, 1 young (1024K), 1 survivors (1024K)
 Metaspace       used 75346K, committed 77376K, reserved 344064K
  class space    used 9795K, committed 10496K, reserved 212992K
}
Event: 28005.349 GC heap before
{Heap before GC invocations=48 (full 0):
 garbage-first heap   total 262144K, used 96280K [0x00000000e0000000, 0x0000000100000000)
  region size 1024K, 12 young (12288K), 1 survivors (1024K)
 Metaspace       used 75347K, committed 77376K, reserved 344064K
  class space    used 9795K, committed 10496K, reserved 212992K
}
Event: 28005.363 GC heap after
{Heap after GC invocations=49 (full 0):
 garbage-first heap   total 262144K, used 83514K [0x00000000e0000000, 0x0000000100000000)
  region size 1024K, 1 young (1024K), 1 survivors (1024K)
 Metaspace       used 75347K, committed 77376K, reserved 344064K
  class space    used 9795K, committed 10496K, reserved 212992K
}
Event: 28005.412 GC heap before
{Heap before GC invocations=49 (full 0):
 garbage-first heap   total 262144K, used 94778K [0x00000000e0000000, 0x0000000100000000)
  region size 1024K, 12 young (12288K), 1 survivors (1024K)
 Metaspace       used 75347K, committed 77376K, reserved 344064K
  class space    used 9795K, committed 10496K, reserved 212992K
}
Event: 28005.431 GC heap after
{Heap after GC invocations=50 (full 0):
 garbage-first heap   total 262144K, used 82530K [0x00000000e0000000, 0x0000000100000000)
  region size 1024K, 1 young (1024K), 1 survivors (1024K)
 Metaspace       used 75347K, committed 77376K, reserved 344064K
  class space    used 9795K, committed 10496K, reserved 212992K
}
Event: 28005.460 GC heap before
{Heap before GC invocations=50 (full 0):
 garbage-first heap   total 262144K, used 93794K [0x00000000e0000000, 0x0000000100000000)
  region size 1024K, 12 young (12288K), 1 survivors (1024K)
 Metaspace       used 75347K, committed 77376K, reserved 344064K
  class space    used 9795K, committed 10496K, reserved 212992K
}
Event: 28005.477 GC heap after
{Heap after GC invocations=51 (full 0):
 garbage-first heap   total 262144K, used 81521K [0x00000000e0000000, 0x0000000100000000)
  region size 1024K, 1 young (1024K), 1 survivors (1024K)
 Metaspace       used 75347K, committed 77376K, reserved 344064K
  class space    used 9795K, committed 10496K, reserved 212992K
}
Event: 28005.522 GC heap before
{Heap before GC invocations=51 (full 0):
 garbage-first heap   total 262144K, used 92785K [0x00000000e0000000, 0x0000000100000000)
  region size 1024K, 12 young (12288K), 1 survivors (1024K)
 Metaspace       used 75347K, committed 77376K, reserved 344064K
  class space    used 9795K, committed 10496K, reserved 212992K
}
Event: 28005.540 GC heap after
{Heap after GC invocations=52 (full 0):
 garbage-first heap   total 262144K, used 80466K [0x00000000e0000000, 0x0000000100000000)
  region size 1024K, 1 young (1024K), 1 survivors (1024K)
 Metaspace       used 75347K, committed 77376K, reserved 344064K
  class space    used 9795K, committed 10496K, reserved 212992K
}
Event: 28005.646 GC heap before
{Heap before GC invocations=52 (full 0):
 garbage-first heap   total 262144K, used 91730K [0x00000000e0000000, 0x0000000100000000)
  region size 1024K, 12 young (12288K), 1 survivors (1024K)
 Metaspace       used 75347K, committed 77376K, reserved 344064K
  class space    used 9795K, committed 10496K, reserved 212992K
}

Deoptimization events (20 events):
Event: 2450.033 Thread 0x00000209317c9e00 DEOPT PACKING pc=0x000002091411e9f8 sp=0x0000006d739ff360
Event: 2450.034 Thread 0x00000209317c9e00 DEOPT UNPACKING pc=0x00000209135823a3 sp=0x0000006d739ff2a0 mode 2
Event: 2450.043 Thread 0x00000209317c9e00 Uncommon trap: trap_request=0xffffff45 fr.pc=0x0000020913f0a00c relative=0x00000000000002cc
Event: 2450.043 Thread 0x00000209317c9e00 Uncommon trap: reason=unstable_if action=reinterpret pc=0x0000020913f0a00c method=org.gradle.internal.file.FileHierarchySet$Node.isChildOfOrThis(Ljava/lang/String;I)Z @ 101 c2
Event: 2450.043 Thread 0x00000209317c9e00 DEOPT PACKING pc=0x0000020913f0a00c sp=0x0000006d739ff2f0
Event: 2450.045 Thread 0x00000209317c9e00 DEOPT UNPACKING pc=0x00000209135823a3 sp=0x0000006d739ff290 mode 2
Event: 2871.589 Thread 0x00000209317c8ed0 DEOPT PACKING pc=0x000002090d322686 sp=0x0000006d731ff560
Event: 2871.591 Thread 0x00000209317c8ed0 DEOPT UNPACKING pc=0x0000020913582b43 sp=0x0000006d731fea70 mode 0
Event: 3211.275 Thread 0x00000209317c7fa0 DEOPT PACKING pc=0x000002090cd8332a sp=0x0000006d72fff6d0
Event: 3211.300 Thread 0x00000209317c7fa0 DEOPT UNPACKING pc=0x0000020913582b43 sp=0x0000006d72ffebf0 mode 0
Event: 6615.567 Thread 0x000002093183f4a0 DEOPT PACKING pc=0x000002090d5478a7 sp=0x0000006d72dfe640
Event: 6615.572 Thread 0x000002093183f4a0 DEOPT UNPACKING pc=0x0000020913582b43 sp=0x0000006d72dfdb48 mode 0
Event: 28005.250 Thread 0x00000209317c7fa0 Uncommon trap: trap_request=0xffffff54 fr.pc=0x000002091466be20 relative=0x0000000000000540
Event: 28005.250 Thread 0x00000209317c7fa0 Uncommon trap: reason=speculate_null_assert action=make_not_entrant pc=0x000002091466be20 method=org.gradle.launcher.daemon.server.exec.LogToClient$AsynchronousLogDispatcher.run()V @ 21 c2
Event: 28005.250 Thread 0x00000209317c7fa0 DEOPT PACKING pc=0x000002091466be20 sp=0x0000006d72fff720
Event: 28005.268 Thread 0x00000209317c7fa0 DEOPT UNPACKING pc=0x00000209135823a3 sp=0x0000006d72fff6f8 mode 2
Event: 28005.273 Thread 0x00000209317c7fa0 Uncommon trap: trap_request=0xffffff45 fr.pc=0x0000020914162d38 relative=0x0000000000000278
Event: 28005.273 Thread 0x00000209317c7fa0 Uncommon trap: reason=unstable_if action=reinterpret pc=0x0000020914162d38 method=com.esotericsoftware.kryo.io.Output.writeString(Ljava/lang/CharSequence;)V @ 83 c2
Event: 28005.273 Thread 0x00000209317c7fa0 DEOPT PACKING pc=0x0000020914162d38 sp=0x0000006d72ffefa0
Event: 28005.273 Thread 0x00000209317c7fa0 DEOPT UNPACKING pc=0x00000209135823a3 sp=0x0000006d72ffeeb8 mode 2

Classes unloaded (20 events):
Event: 27992.496 Thread 0x000002091e380c40 Unloading class 0x000002092058bc00 'java/lang/invoke/LambdaForm$MH+0x000002092058bc00'
Event: 27992.496 Thread 0x000002091e380c40 Unloading class 0x000002092058b800 'java/lang/invoke/LambdaForm$MH+0x000002092058b800'
Event: 27992.496 Thread 0x000002091e380c40 Unloading class 0x000002092058b400 'java/lang/invoke/LambdaForm$MH+0x000002092058b400'
Event: 27992.496 Thread 0x000002091e380c40 Unloading class 0x000002092058b000 'java/lang/invoke/LambdaForm$MH+0x000002092058b000'
Event: 27992.496 Thread 0x000002091e380c40 Unloading class 0x000002092058ac00 'java/lang/invoke/LambdaForm$MH+0x000002092058ac00'
Event: 27992.496 Thread 0x000002091e380c40 Unloading class 0x000002092058a800 'java/lang/invoke/LambdaForm$MH+0x000002092058a800'
Event: 27992.496 Thread 0x000002091e380c40 Unloading class 0x000002092058a400 'java/lang/invoke/LambdaForm$MH+0x000002092058a400'
Event: 27992.496 Thread 0x000002091e380c40 Unloading class 0x000002092058a000 'java/lang/invoke/LambdaForm$MH+0x000002092058a000'
Event: 27992.496 Thread 0x000002091e380c40 Unloading class 0x0000020920589c00 'java/lang/invoke/LambdaForm$MH+0x0000020920589c00'
Event: 27992.496 Thread 0x000002091e380c40 Unloading class 0x0000020920589800 'java/lang/invoke/LambdaForm$MH+0x0000020920589800'
Event: 27992.496 Thread 0x000002091e380c40 Unloading class 0x0000020920589400 'java/lang/invoke/LambdaForm$MH+0x0000020920589400'
Event: 27992.496 Thread 0x000002091e380c40 Unloading class 0x0000020920588800 'java/lang/invoke/LambdaForm$MH+0x0000020920588800'
Event: 27992.496 Thread 0x000002091e380c40 Unloading class 0x0000020920588400 'java/lang/invoke/LambdaForm$BMH+0x0000020920588400'
Event: 27992.497 Thread 0x000002091e380c40 Unloading class 0x0000020920500000 'org/gradle/plugin/use/PluginDependencySpec$version'
Event: 27992.497 Thread 0x000002091e380c40 Unloading class 0x00000209204fd800 'org/gradle/plugin/use/internal/PluginsAwareScript$plugins'
Event: 27992.498 Thread 0x000002091e380c40 Unloading class 0x00000209206e3000 'ijTestInit1_co7kzwkhngc9fhuxg6b1pensb$_run_closure1$_closure2'
Event: 27992.498 Thread 0x000002091e380c40 Unloading class 0x0000020920489000 'ijTestInit1_co7kzwkhngc9fhuxg6b1pensb$_run_closure1'
Event: 27992.498 Thread 0x000002091e380c40 Unloading class 0x0000020920488000 'ijTestInit1_co7kzwkhngc9fhuxg6b1pensb'
Event: 27992.498 Thread 0x000002091e380c40 Unloading class 0x0000020920484000 'org/gradle/api/execution/TaskExecutionGraph$whenReady'
Event: 27992.499 Thread 0x000002091e380c40 Unloading class 0x0000020920474000 'org/gradle/api/plugins/ExtraPropertiesExtension$has'

Classes redefined (0 events):
No events

Internal exceptions (20 events):
Event: 833.587 Thread 0x0000020932d44580 Exception <a 'java/lang/reflect/InvocationTargetException'{0x00000000eed7d008}> (0x00000000eed7d008) 
thrown [s\open\src\hotspot\share\runtime\reflection.cpp, line 1121]
Event: 835.235 Thread 0x0000020932d403b0 Exception <a 'java/lang/NoSuchMethodError'{0x00000000eea48168}: static [Ljava/net/URL;.<clinit>()V> (0x00000000eea48168) 
thrown [s\open\src\hotspot\share\prims\jni.cpp, line 1112]
Event: 911.860 Thread 0x00000209317c7a90 Exception <a 'java/lang/NoClassDefFoundError'{0x00000000ee3e9740}: org/jetbrains/kotlin/gradle/plugin/KotlinPluginWrapper> (0x00000000ee3e9740) 
thrown [s\open\src\hotspot\share\oops\constantPool.cpp, line 837]
Event: 911.861 Thread 0x00000209317c7a90 Exception <a 'java/lang/NoClassDefFoundError'{0x00000000ee3eb838}: org/graalvm/buildtools/gradle/NativeImagePlugin> (0x00000000ee3eb838) 
thrown [s\open\src\hotspot\share\oops\constantPool.cpp, line 837]
Event: 911.862 Thread 0x00000209317c7a90 Exception <a 'java/lang/NoClassDefFoundError'{0x00000000ee3ed920}: org/cyclonedx/gradle/CycloneDxPlugin> (0x00000000ee3ed920) 
thrown [s\open\src\hotspot\share\oops\constantPool.cpp, line 837]
Event: 917.667 Thread 0x0000020932d403b0 Exception <a 'sun/nio/fs/WindowsException'{0x00000000efc26c10}> (0x00000000efc26c10) 
thrown [s\open\src\hotspot\share\prims\jni.cpp, line 516]
Event: 917.668 Thread 0x0000020932d403b0 Exception <a 'sun/nio/fs/WindowsException'{0x00000000efc27010}> (0x00000000efc27010) 
thrown [s\open\src\hotspot\share\prims\jni.cpp, line 516]
Event: 919.744 Thread 0x0000020932d403b0 Exception <a 'sun/nio/fs/WindowsException'{0x00000000edc8ac08}> (0x00000000edc8ac08) 
thrown [s\open\src\hotspot\share\prims\jni.cpp, line 516]
Event: 919.744 Thread 0x0000020932d403b0 Exception <a 'sun/nio/fs/WindowsException'{0x00000000edc8c0d8}> (0x00000000edc8c0d8) 
thrown [s\open\src\hotspot\share\prims\jni.cpp, line 516]
Event: 919.924 Thread 0x0000020932d403b0 Exception <a 'sun/nio/fs/WindowsException'{0x00000000edbd35f8}> (0x00000000edbd35f8) 
thrown [s\open\src\hotspot\share\prims\jni.cpp, line 516]
Event: 920.107 Thread 0x0000020932d403b0 Exception <a 'sun/nio/fs/WindowsException'{0x00000000ed905f00}> (0x00000000ed905f00) 
thrown [s\open\src\hotspot\share\prims\jni.cpp, line 516]
Event: 920.125 Thread 0x0000020932d403b0 Exception <a 'sun/nio/fs/WindowsException'{0x00000000ed914230}> (0x00000000ed914230) 
thrown [s\open\src\hotspot\share\prims\jni.cpp, line 516]
Event: 920.362 Thread 0x00000209317c8ed0 Implicit null exception at 0x0000020913c61bc2 to 0x0000020913c61dc0
Event: 920.370 Thread 0x00000209317c8ed0 Exception <a 'java/lang/NoSuchMethodError'{0x00000000ecfcc678}: static Lorg/gradle/internal/build/event/types/DefaultJavaCompileTaskSuccessResult;.<clinit>()V> (0x00000000ecfcc678) 
thrown [s\open\src\hotspot\share\prims\jni.cpp, line 1112]
Event: 920.370 Thread 0x00000209317c8ed0 Exception <a 'java/lang/NoSuchMethodError'{0x00000000ecfce068}: static Lorg/gradle/internal/build/event/types/DefaultTaskSuccessResult;.<clinit>()V> (0x00000000ecfce068) 
thrown [s\open\src\hotspot\share\prims\jni.cpp, line 1112]
Event: 920.376 Thread 0x0000020932d403b0 Implicit null exception at 0x0000020913f1682e to 0x0000020913f16f40
Event: 920.414 Thread 0x0000020932d403b0 Implicit null exception at 0x0000020913cb1e2c to 0x0000020913cb491c
Event: 920.437 Thread 0x0000020932d403b0 Implicit null exception at 0x0000020913c72aee to 0x0000020913c72ef0
Event: 3425.527 Thread 0x000002093354f310 Exception <a 'java/lang/NoSuchMethodError'{0x00000000efd278d0}: static Lorg/gradle/launcher/daemon/protocol/Command;.<clinit>()V> (0x00000000efd278d0) 
thrown [s\open\src\hotspot\share\prims\jni.cpp, line 1112]
Event: 3425.600 Thread 0x000002093354f310 Exception <a 'java/lang/NoSuchMethodError'{0x00000000efd3bdd8}: static Lorg/gradle/launcher/daemon/protocol/InvalidateVirtualFileSystem;.<clinit>()V> (0x00000000efd3bdd8) 
thrown [s\open\src\hotspot\share\prims\jni.cpp, line 1112]

VM Operations (20 events):
Event: 27988.092 Executing VM operation: Cleanup done
Event: 27988.668 Executing VM operation: G1CollectForAllocation
Event: 27989.251 Executing VM operation: G1CollectForAllocation done
Event: 27991.254 Executing VM operation: Cleanup
Event: 27991.550 Executing VM operation: Cleanup done
Event: 27992.281 Executing VM operation: G1Concurrent
Event: 27995.346 Executing VM operation: G1Concurrent done
Event: 27996.125 Executing VM operation: G1Concurrent
Event: 28004.900 Executing VM operation: G1Concurrent done
Event: 28004.950 Executing VM operation: G1CollectForAllocation
Event: 28005.225 Executing VM operation: G1CollectForAllocation done
Event: 28005.274 Executing VM operation: G1CollectForAllocation
Event: 28005.364 Executing VM operation: G1CollectForAllocation done
Event: 28005.388 Executing VM operation: G1CollectForAllocation
Event: 28005.432 Executing VM operation: G1CollectForAllocation done
Event: 28005.451 Executing VM operation: G1CollectForAllocation
Event: 28005.477 Executing VM operation: G1CollectForAllocation done
Event: 28005.502 Executing VM operation: G1CollectForAllocation
Event: 28005.542 Executing VM operation: G1CollectForAllocation done
Event: 28005.585 Executing VM operation: G1CollectForAllocation

Events (20 events):
Event: 921.385 Thread 0x0000020932d3cc00 Thread added: 0x0000020932d3cc00
Event: 921.386 Thread 0x0000020932d44580 Thread added: 0x0000020932d44580
Event: 921.386 Thread 0x0000020932d3d110 Thread added: 0x0000020932d3d110
Event: 921.389 Thread 0x0000020932d3db30 Thread added: 0x0000020932d3db30
Event: 2507.877 Thread 0x000002093354c070 Thread added: 0x000002093354c070
Event: 2621.377 Thread 0x000002093354c070 Thread exited: 0x000002093354c070
Event: 3085.480 Thread 0x000002093354c070 Thread added: 0x000002093354c070
Event: 3146.926 Thread 0x000002093354c070 Thread exited: 0x000002093354c070
Event: 3424.877 Thread 0x000002093354ee00 Thread added: 0x000002093354ee00
Event: 3424.970 Thread 0x000002093354f310 Thread added: 0x000002093354f310
Event: 3426.617 Thread 0x000002093354f310 Thread exited: 0x000002093354f310
Event: 3487.822 Thread 0x000002093354ee00 Thread exited: 0x000002093354ee00
Event: 3618.179 Thread 0x000002093354c070 Thread added: 0x000002093354c070
Event: 3618.280 Thread 0x000002093354e8f0 Thread added: 0x000002093354e8f0
Event: 3619.553 Thread 0x000002093354e8f0 Thread exited: 0x000002093354e8f0
Event: 3679.694 Thread 0x000002093354c070 Thread exited: 0x000002093354c070
Event: 4116.922 Thread 0x000002093354e8f0 Thread added: 0x000002093354e8f0
Event: 4116.977 Thread 0x000002093354cfa0 Thread added: 0x000002093354cfa0
Event: 4117.206 Thread 0x000002093354cfa0 Thread exited: 0x000002093354cfa0
Event: 4177.211 Thread 0x000002093354e8f0 Thread exited: 0x000002093354e8f0


Dynamic libraries:
0x00007ff6d0b10000 - 0x00007ff6d0b20000 	C:\Program Files\Java\jdk-17\bin\java.exe
0x00007ffadda10000 - 0x00007ffaddc27000 	C:\WINDOWS\SYSTEM32\ntdll.dll
0x00007ffadc930000 - 0x00007ffadc9f4000 	C:\WINDOWS\System32\KERNEL32.DLL
0x00007ffadaf20000 - 0x00007ffadb2cd000 	C:\WINDOWS\System32\KERNELBASE.dll
0x00007ffadb350000 - 0x00007ffadb461000 	C:\WINDOWS\System32\ucrtbase.dll
0x00007ffac2c30000 - 0x00007ffac2c4b000 	C:\Program Files\Java\jdk-17\bin\VCRUNTIME140.dll
0x00007ffac58f0000 - 0x00007ffac5909000 	C:\Program Files\Java\jdk-17\bin\jli.dll
0x00007ffadc3d0000 - 0x00007ffadc482000 	C:\WINDOWS\System32\ADVAPI32.dll
0x00007ffadcd90000 - 0x00007ffadce37000 	C:\WINDOWS\System32\msvcrt.dll
0x00007ffadced0000 - 0x00007ffadcf79000 	C:\WINDOWS\System32\sechost.dll
0x00007ffadb710000 - 0x00007ffadb738000 	C:\WINDOWS\System32\bcrypt.dll
0x00007ffadc490000 - 0x00007ffadc5a4000 	C:\WINDOWS\System32\RPCRT4.dll
0x00007ffadc5d0000 - 0x00007ffadc77e000 	C:\WINDOWS\System32\USER32.dll
0x00007ffadad30000 - 0x00007ffadad56000 	C:\WINDOWS\System32\win32u.dll
0x00007ffadc3a0000 - 0x00007ffadc3c9000 	C:\WINDOWS\System32\GDI32.dll
0x00007ffadad60000 - 0x00007ffadae79000 	C:\WINDOWS\System32\gdi32full.dll
0x00007ffadae80000 - 0x00007ffadaf1a000 	C:\WINDOWS\System32\msvcp_win.dll
0x00007ffacca50000 - 0x00007ffaccce3000 	C:\WINDOWS\WinSxS\amd64_microsoft.windows.common-controls_6595b64144ccf1df_6.0.22621.3672_none_2713b9d173822955\COMCTL32.dll
0x00007ffad13f0000 - 0x00007ffad13fa000 	C:\WINDOWS\SYSTEM32\VERSION.dll
0x00007ffadc360000 - 0x00007ffadc391000 	C:\WINDOWS\System32\IMM32.DLL
0x00007ffad7ee0000 - 0x00007ffad7eec000 	C:\Program Files\Java\jdk-17\bin\vcruntime140_1.dll
0x00007ffaa1e50000 - 0x00007ffaa1ede000 	C:\Program Files\Java\jdk-17\bin\msvcp140.dll
0x00007ffa3e1e0000 - 0x00007ffa3edc0000 	C:\Program Files\Java\jdk-17\bin\server\jvm.dll
0x00007ffadd060000 - 0x00007ffadd068000 	C:\WINDOWS\System32\PSAPI.DLL
0x00007ffabf990000 - 0x00007ffabf999000 	C:\WINDOWS\SYSTEM32\WSOCK32.dll
0x00007ffad26a0000 - 0x00007ffad26d4000 	C:\WINDOWS\SYSTEM32\WINMM.dll
0x00007ffadd950000 - 0x00007ffadd9c1000 	C:\WINDOWS\System32\WS2_32.dll
0x00007ffad9d30000 - 0x00007ffad9d48000 	C:\WINDOWS\SYSTEM32\kernel.appcore.dll
0x00007ffac3910000 - 0x00007ffac391a000 	C:\Program Files\Java\jdk-17\bin\jimage.dll
0x00007ffacce90000 - 0x00007ffacd0c2000 	C:\WINDOWS\SYSTEM32\DBGHELP.DLL
0x00007ffadd070000 - 0x00007ffadd3fd000 	C:\WINDOWS\System32\combase.dll
0x00007ffadcf80000 - 0x00007ffadd057000 	C:\WINDOWS\System32\OLEAUT32.dll
0x00007ffab6f40000 - 0x00007ffab6f72000 	C:\WINDOWS\SYSTEM32\dbgcore.DLL
0x00007ffadb2d0000 - 0x00007ffadb34b000 	C:\WINDOWS\System32\bcryptPrimitives.dll
0x00007ffaa1e20000 - 0x00007ffaa1e45000 	C:\Program Files\Java\jdk-17\bin\java.dll
0x00007ffaa0ae0000 - 0x00007ffaa0bb7000 	C:\Program Files\Java\jdk-17\bin\jsvml.dll
0x00007ffadb9d0000 - 0x00007ffadc238000 	C:\WINDOWS\System32\SHELL32.dll
0x00007ffad8c30000 - 0x00007ffad952e000 	C:\WINDOWS\SYSTEM32\windows.storage.dll
0x00007ffad8af0000 - 0x00007ffad8c2f000 	C:\WINDOWS\SYSTEM32\wintypes.dll
0x00007ffadc780000 - 0x00007ffadc879000 	C:\WINDOWS\System32\SHCORE.dll
0x00007ffadb7c0000 - 0x00007ffadb81e000 	C:\WINDOWS\System32\shlwapi.dll
0x00007ffadac60000 - 0x00007ffadac81000 	C:\WINDOWS\SYSTEM32\profapi.dll
0x00007ffaaf950000 - 0x00007ffaaf969000 	C:\Program Files\Java\jdk-17\bin\net.dll
0x00007ffad3e10000 - 0x00007ffad3f46000 	C:\WINDOWS\SYSTEM32\WINHTTP.dll
0x00007ffada1b0000 - 0x00007ffada219000 	C:\WINDOWS\system32\mswsock.dll
0x00007ffaaf6e0000 - 0x00007ffaaf6f6000 	C:\Program Files\Java\jdk-17\bin\nio.dll
0x00007ffaa3640000 - 0x00007ffaa3658000 	C:\Program Files\Java\jdk-17\bin\zip.dll
0x00007ffac2c20000 - 0x00007ffac2c30000 	C:\Program Files\Java\jdk-17\bin\verify.dll
0x00007ffaa1df0000 - 0x00007ffaa1e17000 	C:\Users\perez\.gradle\native\c067742578af261105cb4f569cf0c3c89f3d7b1fecec35dd04571415982c5e48\windows-amd64\native-platform.dll
0x00007ffaa0990000 - 0x00007ffaa0ad4000 	C:\Users\perez\.gradle\native\38dada09dfb8b06ba9b0570ebf7e218e3eb74d4ef43ca46872605cf95ebc2f47\windows-amd64\native-platform-file-events.dll
0x00007ffab9a30000 - 0x00007ffab9a3a000 	C:\Program Files\Java\jdk-17\bin\management.dll
0x00007ffab9700000 - 0x00007ffab970b000 	C:\Program Files\Java\jdk-17\bin\management_ext.dll
0x00007ffada430000 - 0x00007ffada44b000 	C:\WINDOWS\SYSTEM32\CRYPTSP.dll
0x00007ffad9c90000 - 0x00007ffad9cc5000 	C:\WINDOWS\system32\rsaenh.dll
0x00007ffada2d0000 - 0x00007ffada2f8000 	C:\WINDOWS\SYSTEM32\USERENV.dll
0x00007ffada450000 - 0x00007ffada45c000 	C:\WINDOWS\SYSTEM32\CRYPTBASE.dll
0x00007ffad97d0000 - 0x00007ffad97fd000 	C:\WINDOWS\SYSTEM32\IPHLPAPI.DLL
0x00007ffadb7b0000 - 0x00007ffadb7b9000 	C:\WINDOWS\System32\NSI.dll
0x00007ffad4270000 - 0x00007ffad4289000 	C:\WINDOWS\SYSTEM32\dhcpcsvc6.DLL
0x00007ffad3920000 - 0x00007ffad393f000 	C:\WINDOWS\SYSTEM32\dhcpcsvc.DLL
0x00007ffad9850000 - 0x00007ffad9948000 	C:\WINDOWS\SYSTEM32\DNSAPI.dll
0x00007ffab6dd0000 - 0x00007ffab6dde000 	C:\Program Files\Java\jdk-17\bin\sunmscapi.dll
0x00007ffadb5a0000 - 0x00007ffadb707000 	C:\WINDOWS\System32\CRYPT32.dll
0x00007ffada5f0000 - 0x00007ffada61e000 	C:\WINDOWS\SYSTEM32\ncrypt.dll
0x00007ffada5b0000 - 0x00007ffada5e7000 	C:\WINDOWS\SYSTEM32\NTASN1.dll
0x00007ffab5920000 - 0x00007ffab5928000 	C:\WINDOWS\system32\wshunix.dll

dbghelp: loaded successfully - version: 4.0.5 - missing functions: none
symbol engine: initialized successfully - sym options: 0x614 - pdb path: .;C:\Program Files\Java\jdk-17\bin;C:\WINDOWS\SYSTEM32;C:\WINDOWS\WinSxS\amd64_microsoft.windows.common-controls_6595b64144ccf1df_6.0.22621.3672_none_2713b9d173822955;C:\Program Files\Java\jdk-17\bin\server;C:\Users\perez\.gradle\native\c067742578af261105cb4f569cf0c3c89f3d7b1fecec35dd04571415982c5e48\windows-amd64;C:\Users\perez\.gradle\native\38dada09dfb8b06ba9b0570ebf7e218e3eb74d4ef43ca46872605cf95ebc2f47\windows-amd64

VM Arguments:
jvm_args: --add-opens=java.base/java.util=ALL-UNNAMED --add-opens=java.base/java.lang=ALL-UNNAMED --add-opens=java.base/java.lang.invoke=ALL-UNNAMED --add-opens=java.prefs/java.util.prefs=ALL-UNNAMED --add-opens=java.base/java.nio.charset=ALL-UNNAMED --add-opens=java.base/java.net=ALL-UNNAMED --add-opens=java.base/java.util.concurrent.atomic=ALL-UNNAMED -XX:MaxMetaspaceSize=256m -XX:+HeapDumpOnOutOfMemoryError -Xms256m -Xmx512m -Dfile.encoding=UTF-8 -Duser.country=AU -Duser.language=en -Duser.variant 
java_command: org.gradle.launcher.daemon.bootstrap.GradleDaemon 7.6.4
java_class_path (initial): C:\Users\perez\.gradle\wrapper\dists\gradle-7.6.4-bin\eq47ircvekz8t0m2yd28ebfsh\gradle-7.6.4\lib\gradle-launcher-7.6.4.jar
Launcher Type: SUN_STANDARD

[Global flags]
     intx CICompilerCount                          = 2                                         {product} {ergonomic}
   size_t CompressedClassSpaceSize                 = 218103808                                 {product} {ergonomic}
     uint ConcGCThreads                            = 1                                         {product} {ergonomic}
     uint G1ConcRefinementThreads                  = 2                                         {product} {ergonomic}
   size_t G1HeapRegionSize                         = 1048576                                   {product} {ergonomic}
    uintx GCDrainStackTargetSize                   = 64                                        {product} {ergonomic}
     bool HeapDumpOnOutOfMemoryError               = true                                   {manageable} {command line}
   size_t InitialHeapSize                          = 268435456                                 {product} {command line}
   size_t MarkStackSize                            = 4194304                                   {product} {ergonomic}
   size_t MaxHeapSize                              = 536870912                                 {product} {command line}
   size_t MaxMetaspaceSize                         = 268435456                                 {product} {command line}
   size_t MaxNewSize                               = 321912832                                 {product} {ergonomic}
   size_t MinHeapDeltaBytes                        = 1048576                                   {product} {ergonomic}
   size_t MinHeapSize                              = 268435456                                 {product} {command line}
    uintx NonNMethodCodeHeapSize                   = 5826188                                {pd product} {ergonomic}
    uintx NonProfiledCodeHeapSize                  = 122916026                              {pd product} {ergonomic}
    uintx ProfiledCodeHeapSize                     = 122916026                              {pd product} {ergonomic}
    uintx ReservedCodeCacheSize                    = 251658240                              {pd product} {ergonomic}
     bool SegmentedCodeCache                       = true                                      {product} {ergonomic}
   size_t SoftMaxHeapSize                          = 536870912                              {manageable} {ergonomic}
     bool UseCompressedClassPointers               = true                           {product lp64_product} {ergonomic}
     bool UseCompressedOops                        = true                           {product lp64_product} {ergonomic}
     bool UseG1GC                                  = true                                      {product} {ergonomic}
     bool UseLargePagesIndividualAllocation        = false                                  {pd product} {ergonomic}

Logging:
Log output configuration:
 #0: stdout all=warning uptime,level,tags
 #1: stderr all=off uptime,level,tags

Environment Variables:
PATH=C:\Program Files\Common Files\Oracle\Java\javapath;C:\WINDOWS\system32;C:\WINDOWS;C:\WINDOWS\System32\Wbem;C:\WINDOWS\System32\WindowsPowerShell\v1.0\;C:\WINDOWS\System32\OpenSSH\;C:\Program Files\nodejs\;C:\ProgramData\chocolatey\bin;C:\Program Files\Git\cmd;C:\xampp\php;C:\composer;C:\Users\perez\AppData\Local\Microsoft\WindowsApps;C:\Program Files\JetBrains\IntelliJ IDEA Community Edition 2024.2.1\bin;;C:\Users\perez\AppData\Local\Microsoft\WinGet\Packages\Schniz.fnm_Microsoft.Winget.Source_8wekyb3d8bbwe;C:\Users\perez\AppData\Roaming\npm;C:\Users\perez\AppData\Local\Programs\Microsoft VS Code\bin;C:\Users\perez\AppData\Roaming\Composer\vendor\bin
USERNAME=perez
OS=Windows_NT
PROCESSOR_IDENTIFIER=AMD64 Family 23 Model 32 Stepping 1, AuthenticAMD



---------------  S Y S T E M  ---------------

OS:
 Windows 11 , 64 bit Build 22621 (10.0.22621.3958)
OS uptime: 1 days 5:54 hours
Hyper-V role detected

CPU: total 2 (initial active 2) (2 cores per cpu, 1 threads per core) family 23 model 32 stepping 1 microcode 0x0, cx8, cmov, fxsr, mmx, 3dnowpref, sse, sse2, sse3, ssse3, sse4a, sse4.1, sse4.2, popcnt, lzcnt, tsc, tscinvbit, avx, avx2, aes, clmul, bmi1, bmi2, adx, sha, fma, vzeroupper, clflush, clflushopt, hv

Memory: 4k page, system-wide physical 3463M (194M free)
TotalPageFile size 14215M (AvailPageFile size 40M)
current process WorkingSet (physical memory assigned to process): 243M, peak: 388M
current process commit charge ("private bytes"): 500M, peak: 599M

vm_info: Java HotSpot(TM) 64-Bit Server VM (17.0.11+7-LTS-207) for windows-amd64 JRE (17.0.11+7-LTS-207), built on Mar 11 2024 19:01:50 by "mach5one" with MS VC++ 17.6 (VS2022)

END.
